{"C:\\Users\\ALEXANDRA\\Documents\\GitHub\\HidroWeb_2024A\\hidroweb\\src\\componentes\\CurrentWeather\\CurrentWeather.tsx": {"path":"C:\\Users\\ALEXANDRA\\Documents\\GitHub\\HidroWeb_2024A\\hidroweb\\src\\componentes\\CurrentWeather\\CurrentWeather.tsx","statementMap":{"0":{"start":{"line":1,"column":0},"end":{"line":1,"column":44}},"1":{"start":{"line":2,"column":0},"end":{"line":2,"column":39}},"2":{"start":{"line":3,"column":0},"end":{"line":3,"column":35}},"3":{"start":{"line":4,"column":0},"end":{"line":4,"column":33}},"4":{"start":{"line":6,"column":25},"end":{"line":13,"column":2}},"5":{"start":{"line":15,"column":20},"end":{"line":17,"column":2}},"6":{"start":{"line":31,"column":23},"end":{"line":109,"column":1}},"7":{"start":{"line":32,"column":42},"end":{"line":32,"column":76}},"8":{"start":{"line":33,"column":34},"end":{"line":33,"column":48}},"9":{"start":{"line":34,"column":30},"end":{"line":34,"column":59}},"10":{"start":{"line":36,"column":4},"end":{"line":48,"column":11}},"11":{"start":{"line":37,"column":8},"end":{"line":47,"column":10}},"12":{"start":{"line":39,"column":36},"end":{"line":39,"column":60}},"13":{"start":{"line":40,"column":36},"end":{"line":40,"column":61}},"14":{"start":{"line":41,"column":16},"end":{"line":41,"column":39}},"15":{"start":{"line":44,"column":16},"end":{"line":44,"column":61}},"16":{"start":{"line":45,"column":16},"end":{"line":45,"column":34}},"17":{"start":{"line":50,"column":25},"end":{"line":66,"column":5}},"18":{"start":{"line":51,"column":8},"end":{"line":65,"column":9}},"19":{"start":{"line":52,"column":29},"end":{"line":53,"column":null}},"20":{"start":{"line":55,"column":12},"end":{"line":57,"column":13}},"21":{"start":{"line":56,"column":16},"end":{"line":56,"column":72}},"22":{"start":{"line":58,"column":38},"end":{"line":58,"column":59}},"23":{"start":{"line":59,"column":12},"end":{"line":59,"column":33}},"24":{"start":{"line":60,"column":12},"end":{"line":60,"column":30}},"25":{"start":{"line":62,"column":12},"end":{"line":62,"column":68}},"26":{"start":{"line":63,"column":12},"end":{"line":63,"column":61}},"27":{"start":{"line":64,"column":12},"end":{"line":64,"column":30}},"28":{"start":{"line":69,"column":4},"end":{"line":71,"column":5}},"29":{"start":{"line":70,"column":8},"end":{"line":70,"column":50}},"30":{"start":{"line":73,"column":4},"end":{"line":75,"column":5}},"31":{"start":{"line":74,"column":8},"end":{"line":74,"column":30}},"32":{"start":{"line":77,"column":4},"end":{"line":79,"column":5}},"33":{"start":{"line":78,"column":8},"end":{"line":78,"column":65}},"34":{"start":{"line":81,"column":21},"end":{"line":81,"column":48}},"35":{"start":{"line":82,"column":20},"end":{"line":82,"column":70}},"36":{"start":{"line":84,"column":4},"end":{"line":108,"column":6}},"37":{"start":{"line":111,"column":0},"end":{"line":111,"column":30}}},"fnMap":{"0":{"name":"(anonymous_1)","decl":{"start":{"line":31,"column":23},"end":{"line":31,"column":26}},"loc":{"start":{"line":31,"column":28},"end":{"line":109,"column":1}}},"1":{"name":"(anonymous_2)","decl":{"start":{"line":36,"column":14},"end":{"line":36,"column":17}},"loc":{"start":{"line":36,"column":19},"end":{"line":48,"column":5}}},"2":{"name":"(anonymous_3)","decl":{"start":{"line":38,"column":12},"end":{"line":38,"column":13}},"loc":{"start":{"line":38,"column":25},"end":{"line":42,"column":13}}},"3":{"name":"(anonymous_4)","decl":{"start":{"line":43,"column":12},"end":{"line":43,"column":15}},"loc":{"start":{"line":43,"column":17},"end":{"line":46,"column":13}}},"4":{"name":"(anonymous_5)","decl":{"start":{"line":50,"column":25},"end":{"line":50,"column":30}},"loc":{"start":{"line":50,"column":60},"end":{"line":66,"column":5}}}},"branchMap":{"0":{"loc":{"start":{"line":55,"column":12},"end":{"line":57,"column":13}},"type":"if","locations":[{"start":{"line":55,"column":12},"end":{"line":57,"column":13}}]},"1":{"loc":{"start":{"line":69,"column":4},"end":{"line":71,"column":5}},"type":"if","locations":[{"start":{"line":69,"column":4},"end":{"line":71,"column":5}}]},"2":{"loc":{"start":{"line":73,"column":4},"end":{"line":75,"column":5}},"type":"if","locations":[{"start":{"line":73,"column":4},"end":{"line":75,"column":5}}]},"3":{"loc":{"start":{"line":77,"column":4},"end":{"line":79,"column":5}},"type":"if","locations":[{"start":{"line":77,"column":4},"end":{"line":79,"column":5}}]},"4":{"loc":{"start":{"line":77,"column":8},"end":{"line":77,"column":65}},"type":"binary-expr","locations":[{"start":{"line":77,"column":8},"end":{"line":77,"column":20}},{"start":{"line":77,"column":24},"end":{"line":77,"column":41}},{"start":{"line":77,"column":45},"end":{"line":77,"column":65}}]}},"s":{"0":1,"1":1,"2":1,"3":1,"4":1,"5":1,"6":1,"7":6,"8":6,"9":6,"10":6,"11":3,"12":2,"13":2,"14":2,"15":1,"16":1,"17":6,"18":2,"19":2,"20":2,"21":1,"22":1,"23":1,"24":1,"25":1,"26":1,"27":1,"28":6,"29":3,"30":3,"31":2,"32":1,"33":0,"34":1,"35":1,"36":1,"37":1},"f":{"0":6,"1":3,"2":2,"3":1,"4":2},"b":{"0":[1],"1":[3],"2":[2],"3":[0],"4":[1,1,1]}}
,"C:\\Users\\ALEXANDRA\\Documents\\GitHub\\HidroWeb_2024A\\hidroweb\\src\\componentes\\FiveDayClimate\\FiveDayClimate.tsx": {"path":"C:\\Users\\ALEXANDRA\\Documents\\GitHub\\HidroWeb_2024A\\hidroweb\\src\\componentes\\FiveDayClimate\\FiveDayClimate.tsx","statementMap":{"0":{"start":{"line":1,"column":0},"end":{"line":1,"column":44}},"1":{"start":{"line":2,"column":0},"end":{"line":2,"column":39}},"2":{"start":{"line":3,"column":0},"end":{"line":3,"column":33}},"3":{"start":{"line":21,"column":23},"end":{"line":128,"column":1}},"4":{"start":{"line":22,"column":44},"end":{"line":22,"column":79}},"5":{"start":{"line":23,"column":34},"end":{"line":23,"column":48}},"6":{"start":{"line":24,"column":30},"end":{"line":24,"column":59}},"7":{"start":{"line":26,"column":4},"end":{"line":38,"column":11}},"8":{"start":{"line":27,"column":8},"end":{"line":37,"column":10}},"9":{"start":{"line":29,"column":28},"end":{"line":29,"column":52}},"10":{"start":{"line":30,"column":28},"end":{"line":30,"column":53}},"11":{"start":{"line":31,"column":16},"end":{"line":31,"column":40}},"12":{"start":{"line":34,"column":16},"end":{"line":34,"column":61}},"13":{"start":{"line":35,"column":16},"end":{"line":35,"column":34}},"14":{"start":{"line":40,"column":26},"end":{"line":57,"column":5}},"15":{"start":{"line":41,"column":8},"end":{"line":56,"column":9}},"16":{"start":{"line":42,"column":12},"end":{"line":42,"column":29}},"17":{"start":{"line":43,"column":29},"end":{"line":44,"column":null}},"18":{"start":{"line":46,"column":12},"end":{"line":48,"column":13}},"19":{"start":{"line":47,"column":16},"end":{"line":47,"column":66}},"20":{"start":{"line":49,"column":25},"end":{"line":49,"column":46}},"21":{"start":{"line":50,"column":12},"end":{"line":50,"column":34}},"22":{"start":{"line":51,"column":12},"end":{"line":51,"column":30}},"23":{"start":{"line":53,"column":12},"end":{"line":53,"column":69}},"24":{"start":{"line":54,"column":12},"end":{"line":54,"column":66}},"25":{"start":{"line":55,"column":12},"end":{"line":55,"column":30}},"26":{"start":{"line":60,"column":4},"end":{"line":62,"column":5}},"27":{"start":{"line":61,"column":8},"end":{"line":61,"column":45}},"28":{"start":{"line":64,"column":4},"end":{"line":66,"column":5}},"29":{"start":{"line":65,"column":8},"end":{"line":65,"column":30}},"30":{"start":{"line":68,"column":4},"end":{"line":70,"column":5}},"31":{"start":{"line":69,"column":8},"end":{"line":69,"column":70}},"32":{"start":{"line":73,"column":27},"end":{"line":75,"column":17}},"33":{"start":{"line":74,"column":8},"end":{"line":74,"column":43}},"34":{"start":{"line":77,"column":21},"end":{"line":99,"column":6}},"35":{"start":{"line":101,"column":4},"end":{"line":127,"column":6}},"36":{"start":{"line":106,"column":24},"end":{"line":106,"column":null}},"37":{"start":{"line":131,"column":24},"end":{"line":138,"column":1}},"38":{"start":{"line":132,"column":42},"end":{"line":132,"column":47}},"39":{"start":{"line":133,"column":4},"end":{"line":137,"column":6}},"40":{"start":{"line":141,"column":18},"end":{"line":147,"column":2}},"41":{"start":{"line":149,"column":22},"end":{"line":152,"column":2}},"42":{"start":{"line":154,"column":13},"end":{"line":162,"column":2}},"43":{"start":{"line":164,"column":25},"end":{"line":167,"column":2}},"44":{"start":{"line":169,"column":14},"end":{"line":174,"column":2}},"45":{"start":{"line":176,"column":0},"end":{"line":176,"column":30}}},"fnMap":{"0":{"name":"(anonymous_1)","decl":{"start":{"line":21,"column":23},"end":{"line":21,"column":26}},"loc":{"start":{"line":21,"column":28},"end":{"line":128,"column":1}}},"1":{"name":"(anonymous_2)","decl":{"start":{"line":26,"column":14},"end":{"line":26,"column":17}},"loc":{"start":{"line":26,"column":19},"end":{"line":38,"column":5}}},"2":{"name":"(anonymous_3)","decl":{"start":{"line":28,"column":12},"end":{"line":28,"column":13}},"loc":{"start":{"line":28,"column":25},"end":{"line":32,"column":13}}},"3":{"name":"(anonymous_4)","decl":{"start":{"line":33,"column":12},"end":{"line":33,"column":15}},"loc":{"start":{"line":33,"column":17},"end":{"line":36,"column":13}}},"4":{"name":"(anonymous_5)","decl":{"start":{"line":40,"column":26},"end":{"line":40,"column":31}},"loc":{"start":{"line":40,"column":61},"end":{"line":57,"column":5}}},"5":{"name":"(anonymous_6)","decl":{"start":{"line":73,"column":52},"end":{"line":73,"column":53}},"loc":{"start":{"line":74,"column":8},"end":{"line":74,"column":43}}},"6":{"name":"(anonymous_7)","decl":{"start":{"line":105,"column":40},"end":{"line":105,"column":41}},"loc":{"start":{"line":106,"column":24},"end":{"line":106,"column":null}}},"7":{"name":"(anonymous_8)","decl":{"start":{"line":131,"column":24},"end":{"line":131,"column":25}},"loc":{"start":{"line":131,"column":39},"end":{"line":138,"column":1}}}},"branchMap":{"0":{"loc":{"start":{"line":46,"column":12},"end":{"line":48,"column":13}},"type":"if","locations":[{"start":{"line":46,"column":12},"end":{"line":48,"column":13}}]},"1":{"loc":{"start":{"line":60,"column":4},"end":{"line":62,"column":5}},"type":"if","locations":[{"start":{"line":60,"column":4},"end":{"line":62,"column":5}}]},"2":{"loc":{"start":{"line":64,"column":4},"end":{"line":66,"column":5}},"type":"if","locations":[{"start":{"line":64,"column":4},"end":{"line":66,"column":5}}]},"3":{"loc":{"start":{"line":68,"column":4},"end":{"line":70,"column":5}},"type":"if","locations":[{"start":{"line":68,"column":4},"end":{"line":70,"column":5}}]}},"s":{"0":1,"1":1,"2":1,"3":1,"4":5,"5":5,"6":5,"7":5,"8":3,"9":1,"10":1,"11":1,"12":1,"13":1,"14":5,"15":1,"16":1,"17":1,"18":1,"19":1,"20":0,"21":0,"22":0,"23":1,"24":1,"25":1,"26":5,"27":3,"28":2,"29":2,"30":0,"31":0,"32":0,"33":0,"34":0,"35":0,"36":0,"37":1,"38":0,"39":0,"40":1,"41":1,"42":1,"43":1,"44":1,"45":1},"f":{"0":5,"1":3,"2":1,"3":1,"4":1,"5":0,"6":0,"7":0},"b":{"0":[1],"1":[3],"2":[2],"3":[0]}}
,"C:\\Users\\ALEXANDRA\\Documents\\GitHub\\HidroWeb_2024A\\hidroweb\\src\\componentes\\Footer\\Footer.tsx": {"path":"C:\\Users\\ALEXANDRA\\Documents\\GitHub\\HidroWeb_2024A\\hidroweb\\src\\componentes\\Footer\\Footer.tsx","statementMap":{"0":{"start":{"line":1,"column":15},"end":{"line":7,"column":3}},"1":{"start":{"line":2,"column":4},"end":{"line":6,"column":6}},"2":{"start":{"line":9,"column":2},"end":{"line":9,"column":24}}},"fnMap":{"0":{"name":"(anonymous_0)","decl":{"start":{"line":1,"column":15},"end":{"line":1,"column":18}},"loc":{"start":{"line":1,"column":20},"end":{"line":7,"column":3}}}},"branchMap":{},"s":{"0":1,"1":1,"2":1},"f":{"0":1},"b":{}}
,"C:\\Users\\ALEXANDRA\\Documents\\GitHub\\HidroWeb_2024A\\hidroweb\\src\\componentes\\FormC\\FormC.tsx": {"path":"C:\\Users\\ALEXANDRA\\Documents\\GitHub\\HidroWeb_2024A\\hidroweb\\src\\componentes\\FormC\\FormC.tsx","statementMap":{"0":{"start":{"line":1,"column":0},"end":{"line":1,"column":51}},"1":{"start":{"line":2,"column":0},"end":{"line":2,"column":null}},"2":{"start":{"line":27,"column":0},"end":{"line":27,"column":40}},"3":{"start":{"line":28,"column":0},"end":{"line":28,"column":75}},"4":{"start":{"line":29,"column":0},"end":{"line":29,"column":35}},"5":{"start":{"line":30,"column":0},"end":{"line":30,"column":33}},"6":{"start":{"line":47,"column":26},"end":{"line":47,"column":88}},"7":{"start":{"line":48,"column":21},"end":{"line":48,"column":76}},"8":{"start":{"line":51,"column":57},"end":{"line":162,"column":2}},"9":{"start":{"line":164,"column":36},"end":{"line":493,"column":1}},"10":{"start":{"line":165,"column":34},"end":{"line":165,"column":61}},"11":{"start":{"line":166,"column":36},"end":{"line":166,"column":92}},"12":{"start":{"line":167,"column":28},"end":{"line":167,"column":80}},"13":{"start":{"line":168,"column":44},"end":{"line":168,"column":104}},"14":{"start":{"line":170,"column":48},"end":{"line":174,"column":6}},"15":{"start":{"line":176,"column":4},"end":{"line":204,"column":35}},"16":{"start":{"line":177,"column":8},"end":{"line":203,"column":9}},"17":{"start":{"line":178,"column":12},"end":{"line":202,"column":13}},"18":{"start":{"line":179,"column":16},"end":{"line":179,"column":38}},"19":{"start":{"line":180,"column":16},"end":{"line":180,"column":32}},"20":{"start":{"line":181,"column":16},"end":{"line":181,"column":28}},"21":{"start":{"line":182,"column":16},"end":{"line":182,"column":36}},"22":{"start":{"line":183,"column":16},"end":{"line":188,"column":19}},"23":{"start":{"line":189,"column":19},"end":{"line":202,"column":13}},"24":{"start":{"line":190,"column":16},"end":{"line":190,"column":54}},"25":{"start":{"line":191,"column":16},"end":{"line":191,"column":49}},"26":{"start":{"line":192,"column":16},"end":{"line":192,"column":41}},"27":{"start":{"line":193,"column":16},"end":{"line":193,"column":57}},"28":{"start":{"line":195,"column":28},"end":{"line":199,"column":18}},"29":{"start":{"line":200,"column":16},"end":{"line":200,"column":39}},"30":{"start":{"line":206,"column":4},"end":{"line":216,"column":25}},"31":{"start":{"line":208,"column":8},"end":{"line":215,"column":9}},"32":{"start":{"line":209,"column":24},"end":{"line":213,"column":14}},"33":{"start":{"line":214,"column":12},"end":{"line":214,"column":35}},"34":{"start":{"line":219,"column":30},"end":{"line":247,"column":5}},"35":{"start":{"line":220,"column":21},"end":{"line":220,"column":30}},"36":{"start":{"line":221,"column":21},"end":{"line":221,"column":37}},"37":{"start":{"line":222,"column":26},"end":{"line":222,"column":40}},"38":{"start":{"line":224,"column":8},"end":{"line":224,"column":26}},"39":{"start":{"line":224,"column":19},"end":{"line":224,"column":26}},"40":{"start":{"line":226,"column":28},"end":{"line":233,"column":10}},"41":{"start":{"line":235,"column":8},"end":{"line":243,"column":9}},"42":{"start":{"line":236,"column":30},"end":{"line":236,"column":94}},"43":{"start":{"line":237,"column":12},"end":{"line":237,"column":49}},"44":{"start":{"line":239,"column":12},"end":{"line":239,"column":49}},"45":{"start":{"line":240,"column":15},"end":{"line":243,"column":9}},"46":{"start":{"line":241,"column":27},"end":{"line":241,"column":90}},"47":{"start":{"line":242,"column":12},"end":{"line":242,"column":63}},"48":{"start":{"line":245,"column":8},"end":{"line":245,"column":17}},"49":{"start":{"line":246,"column":8},"end":{"line":246,"column":18}},"50":{"start":{"line":249,"column":4},"end":{"line":492,"column":6}},"51":{"start":{"line":311,"column":57},"end":{"line":311,"column":84}},"52":{"start":{"line":315,"column":44},"end":{"line":315,"column":60}},"53":{"start":{"line":349,"column":57},"end":{"line":349,"column":80}},"54":{"start":{"line":352,"column":44},"end":{"line":352,"column":60}},"55":{"start":{"line":379,"column":57},"end":{"line":379,"column":88}},"56":{"start":{"line":495,"column":0},"end":{"line":495,"column":21}}},"fnMap":{"0":{"name":"(anonymous_1)","decl":{"start":{"line":164,"column":36},"end":{"line":164,"column":37}},"loc":{"start":{"line":164,"column":86},"end":{"line":493,"column":1}}},"1":{"name":"(anonymous_2)","decl":{"start":{"line":176,"column":14},"end":{"line":176,"column":17}},"loc":{"start":{"line":176,"column":19},"end":{"line":204,"column":5}}},"2":{"name":"(anonymous_3)","decl":{"start":{"line":206,"column":14},"end":{"line":206,"column":17}},"loc":{"start":{"line":206,"column":19},"end":{"line":216,"column":5}}},"3":{"name":"(anonymous_4)","decl":{"start":{"line":219,"column":30},"end":{"line":219,"column":35}},"loc":{"start":{"line":219,"column":41},"end":{"line":247,"column":5}}},"4":{"name":"(anonymous_5)","decl":{"start":{"line":311,"column":50},"end":{"line":311,"column":51}},"loc":{"start":{"line":311,"column":57},"end":{"line":311,"column":84}}},"5":{"name":"(anonymous_6)","decl":{"start":{"line":314,"column":63},"end":{"line":314,"column":64}},"loc":{"start":{"line":315,"column":44},"end":{"line":315,"column":60}}},"6":{"name":"(anonymous_7)","decl":{"start":{"line":349,"column":50},"end":{"line":349,"column":51}},"loc":{"start":{"line":349,"column":57},"end":{"line":349,"column":80}}},"7":{"name":"(anonymous_8)","decl":{"start":{"line":351,"column":58},"end":{"line":351,"column":59}},"loc":{"start":{"line":352,"column":44},"end":{"line":352,"column":60}}},"8":{"name":"(anonymous_9)","decl":{"start":{"line":379,"column":50},"end":{"line":379,"column":51}},"loc":{"start":{"line":379,"column":57},"end":{"line":379,"column":88}}}},"branchMap":{"0":{"loc":{"start":{"line":166,"column":53},"end":{"line":166,"column":91}},"type":"cond-expr","locations":[{"start":{"line":166,"column":66},"end":{"line":166,"column":68}},{"start":{"line":166,"column":71},"end":{"line":166,"column":91}}]},"1":{"loc":{"start":{"line":166,"column":71},"end":{"line":166,"column":91}},"type":"binary-expr","locations":[{"start":{"line":166,"column":71},"end":{"line":166,"column":85}},{"start":{"line":166,"column":89},"end":{"line":166,"column":91}}]},"2":{"loc":{"start":{"line":167,"column":45},"end":{"line":167,"column":79}},"type":"cond-expr","locations":[{"start":{"line":167,"column":58},"end":{"line":167,"column":60}},{"start":{"line":167,"column":63},"end":{"line":167,"column":79}}]},"3":{"loc":{"start":{"line":167,"column":63},"end":{"line":167,"column":79}},"type":"binary-expr","locations":[{"start":{"line":167,"column":63},"end":{"line":167,"column":73}},{"start":{"line":167,"column":77},"end":{"line":167,"column":79}}]},"4":{"loc":{"start":{"line":168,"column":61},"end":{"line":168,"column":103}},"type":"cond-expr","locations":[{"start":{"line":168,"column":74},"end":{"line":168,"column":76}},{"start":{"line":168,"column":79},"end":{"line":168,"column":103}}]},"5":{"loc":{"start":{"line":168,"column":79},"end":{"line":168,"column":103}},"type":"binary-expr","locations":[{"start":{"line":168,"column":79},"end":{"line":168,"column":97}},{"start":{"line":168,"column":101},"end":{"line":168,"column":103}}]},"6":{"loc":{"start":{"line":177,"column":8},"end":{"line":203,"column":9}},"type":"if","locations":[{"start":{"line":177,"column":8},"end":{"line":203,"column":9}}]},"7":{"loc":{"start":{"line":178,"column":12},"end":{"line":202,"column":13}},"type":"if","locations":[{"start":{"line":178,"column":12},"end":{"line":202,"column":13}},{"start":{"line":189,"column":19},"end":{"line":202,"column":13}}]},"8":{"loc":{"start":{"line":189,"column":19},"end":{"line":202,"column":13}},"type":"if","locations":[{"start":{"line":189,"column":19},"end":{"line":202,"column":13}}]},"9":{"loc":{"start":{"line":190,"column":27},"end":{"line":190,"column":52}},"type":"binary-expr","locations":[{"start":{"line":190,"column":27},"end":{"line":190,"column":39}},{"start":{"line":190,"column":43},"end":{"line":190,"column":52}}]},"10":{"loc":{"start":{"line":191,"column":28},"end":{"line":191,"column":47}},"type":"binary-expr","locations":[{"start":{"line":191,"column":28},"end":{"line":191,"column":41}},{"start":{"line":191,"column":45},"end":{"line":191,"column":47}}]},"11":{"loc":{"start":{"line":192,"column":24},"end":{"line":192,"column":39}},"type":"binary-expr","locations":[{"start":{"line":192,"column":24},"end":{"line":192,"column":33}},{"start":{"line":192,"column":37},"end":{"line":192,"column":39}}]},"12":{"loc":{"start":{"line":193,"column":32},"end":{"line":193,"column":55}},"type":"binary-expr","locations":[{"start":{"line":193,"column":32},"end":{"line":193,"column":49}},{"start":{"line":193,"column":53},"end":{"line":193,"column":55}}]},"13":{"loc":{"start":{"line":195,"column":28},"end":{"line":199,"column":18}},"type":"binary-expr","locations":[{"start":{"line":195,"column":28},"end":{"line":195,"column":83}},{"start":{"line":195,"column":87},"end":{"line":199,"column":18}}]},"14":{"loc":{"start":{"line":208,"column":8},"end":{"line":215,"column":9}},"type":"if","locations":[{"start":{"line":208,"column":8},"end":{"line":215,"column":9}}]},"15":{"loc":{"start":{"line":208,"column":12},"end":{"line":208,"column":28}},"type":"binary-expr","locations":[{"start":{"line":208,"column":12},"end":{"line":208,"column":20}},{"start":{"line":208,"column":24},"end":{"line":208,"column":28}}]},"16":{"loc":{"start":{"line":209,"column":24},"end":{"line":213,"column":14}},"type":"binary-expr","locations":[{"start":{"line":209,"column":24},"end":{"line":209,"column":69}},{"start":{"line":209,"column":73},"end":{"line":213,"column":14}}]},"17":{"loc":{"start":{"line":224,"column":8},"end":{"line":224,"column":26}},"type":"if","locations":[{"start":{"line":224,"column":8},"end":{"line":224,"column":26}}]},"18":{"loc":{"start":{"line":227,"column":23},"end":{"line":227,"column":55}},"type":"cond-expr","locations":[{"start":{"line":227,"column":36},"end":{"line":227,"column":38}},{"start":{"line":227,"column":41},"end":{"line":227,"column":55}}]},"19":{"loc":{"start":{"line":227,"column":41},"end":{"line":227,"column":55}},"type":"binary-expr","locations":[{"start":{"line":227,"column":41},"end":{"line":227,"column":49}},{"start":{"line":227,"column":53},"end":{"line":227,"column":55}}]},"20":{"loc":{"start":{"line":235,"column":8},"end":{"line":243,"column":9}},"type":"if","locations":[{"start":{"line":235,"column":8},"end":{"line":243,"column":9}},{"start":{"line":240,"column":15},"end":{"line":243,"column":9}}]},"21":{"loc":{"start":{"line":240,"column":15},"end":{"line":243,"column":9}},"type":"if","locations":[{"start":{"line":240,"column":15},"end":{"line":243,"column":9}}]},"22":{"loc":{"start":{"line":254,"column":30},"end":{"line":254,"column":95}},"type":"cond-expr","locations":[{"start":{"line":254,"column":43},"end":{"line":254,"column":64}},{"start":{"line":254,"column":67},"end":{"line":254,"column":95}}]},"23":{"loc":{"start":{"line":471,"column":56},"end":{"line":471,"column":109}},"type":"cond-expr","locations":[{"start":{"line":471,"column":94},"end":{"line":471,"column":99}},{"start":{"line":471,"column":102},"end":{"line":471,"column":109}}]},"24":{"loc":{"start":{"line":485,"column":36},"end":{"line":485,"column":71}},"type":"binary-expr","locations":[{"start":{"line":485,"column":36},"end":{"line":485,"column":45}},{"start":{"line":485,"column":49},"end":{"line":485,"column":54}},{"start":{"line":485,"column":58},"end":{"line":485,"column":71}}]},"25":{"loc":{"start":{"line":487,"column":25},"end":{"line":487,"column":73}},"type":"cond-expr","locations":[{"start":{"line":487,"column":38},"end":{"line":487,"column":53}},{"start":{"line":487,"column":56},"end":{"line":487,"column":73}}]}},"s":{"0":1,"1":1,"2":1,"3":1,"4":1,"5":1,"6":1,"7":1,"8":1,"9":1,"10":4,"11":4,"12":4,"13":4,"14":4,"15":4,"16":2,"17":2,"18":1,"19":1,"20":1,"21":1,"22":1,"23":1,"24":1,"25":1,"26":1,"27":1,"28":1,"29":1,"30":4,"31":2,"32":1,"33":1,"34":4,"35":0,"36":0,"37":0,"38":0,"39":0,"40":0,"41":0,"42":0,"43":0,"44":0,"45":0,"46":0,"47":0,"48":0,"49":0,"50":4,"51":0,"52":20,"53":0,"54":16,"55":0,"56":1},"f":{"0":4,"1":2,"2":2,"3":0,"4":0,"5":20,"6":0,"7":16,"8":0},"b":{"0":[2,2],"1":[2,0],"2":[2,2],"3":[2,0],"4":[2,2],"5":[2,0],"6":[2],"7":[1,1],"8":[1],"9":[1,0],"10":[1,0],"11":[1,0],"12":[1,0],"13":[1,0],"14":[1],"15":[2,1],"16":[1,0],"17":[0],"18":[0,0],"19":[0,0],"20":[0,0],"21":[0],"22":[2,2],"23":[0,4],"24":[4,2,2],"25":[2,2]}}
,"C:\\Users\\ALEXANDRA\\Documents\\GitHub\\HidroWeb_2024A\\hidroweb\\src\\componentes\\FormL\\FormL.tsx": {"path":"C:\\Users\\ALEXANDRA\\Documents\\GitHub\\HidroWeb_2024A\\hidroweb\\src\\componentes\\FormL\\FormL.tsx","statementMap":{"0":{"start":{"line":1,"column":0},"end":{"line":1,"column":40}},"1":{"start":{"line":2,"column":0},"end":{"line":2,"column":56}},"2":{"start":{"line":3,"column":0},"end":{"line":3,"column":null}},"3":{"start":{"line":16,"column":0},"end":{"line":16,"column":48}},"4":{"start":{"line":17,"column":0},"end":{"line":17,"column":68}},"5":{"start":{"line":19,"column":24},"end":{"line":144,"column":1}},"6":{"start":{"line":20,"column":30},"end":{"line":20,"column":42}},"7":{"start":{"line":21,"column":36},"end":{"line":21,"column":48}},"8":{"start":{"line":22,"column":28},"end":{"line":22,"column":43}},"9":{"start":{"line":23,"column":30},"end":{"line":23,"column":59}},"10":{"start":{"line":24,"column":22},"end":{"line":24,"column":60}},"11":{"start":{"line":25,"column":31},"end":{"line":25,"column":41}},"12":{"start":{"line":26,"column":23},"end":{"line":26,"column":66}},"13":{"start":{"line":28,"column":21},"end":{"line":28,"column":34}},"14":{"start":{"line":30,"column":24},"end":{"line":30,"column":44}},"15":{"start":{"line":30,"column":30},"end":{"line":30,"column":44}},"16":{"start":{"line":32,"column":24},"end":{"line":46,"column":5}},"17":{"start":{"line":33,"column":21},"end":{"line":33,"column":30}},"18":{"start":{"line":34,"column":8},"end":{"line":45,"column":9}},"19":{"start":{"line":35,"column":35},"end":{"line":35,"column":90}},"20":{"start":{"line":36,"column":26},"end":{"line":36,"column":64}},"21":{"start":{"line":39,"column":12},"end":{"line":39,"column":56}},"22":{"start":{"line":42,"column":12},"end":{"line":42,"column":39}},"23":{"start":{"line":44,"column":12},"end":{"line":44,"column":81}},"24":{"start":{"line":48,"column":4},"end":{"line":143,"column":6}},"25":{"start":{"line":98,"column":41},"end":{"line":98,"column":65}},"26":{"start":{"line":115,"column":45},"end":{"line":115,"column":72}},"27":{"start":{"line":146,"column":0},"end":{"line":146,"column":21}}},"fnMap":{"0":{"name":"(anonymous_0)","decl":{"start":{"line":19,"column":24},"end":{"line":19,"column":27}},"loc":{"start":{"line":19,"column":29},"end":{"line":144,"column":1}}},"1":{"name":"(anonymous_1)","decl":{"start":{"line":30,"column":24},"end":{"line":30,"column":27}},"loc":{"start":{"line":30,"column":30},"end":{"line":30,"column":44}}},"2":{"name":"(anonymous_2)","decl":{"start":{"line":32,"column":24},"end":{"line":32,"column":29}},"loc":{"start":{"line":32,"column":35},"end":{"line":46,"column":5}}},"3":{"name":"(anonymous_3)","decl":{"start":{"line":98,"column":34},"end":{"line":98,"column":35}},"loc":{"start":{"line":98,"column":41},"end":{"line":98,"column":65}}},"4":{"name":"(anonymous_4)","decl":{"start":{"line":115,"column":38},"end":{"line":115,"column":39}},"loc":{"start":{"line":115,"column":45},"end":{"line":115,"column":72}}}},"branchMap":{"0":{"loc":{"start":{"line":110,"column":34},"end":{"line":110,"column":60}},"type":"cond-expr","locations":[{"start":{"line":110,"column":41},"end":{"line":110,"column":47}},{"start":{"line":110,"column":50},"end":{"line":110,"column":60}}]},"1":{"loc":{"start":{"line":121,"column":21},"end":{"line":121,"column":76}},"type":"binary-expr","locations":[{"start":{"line":121,"column":21},"end":{"line":121,"column":26}},{"start":{"line":121,"column":30},"end":{"line":121,"column":76}}]}},"s":{"0":1,"1":1,"2":1,"3":1,"4":1,"5":1,"6":8,"7":8,"8":8,"9":8,"10":8,"11":8,"12":8,"13":8,"14":8,"15":0,"16":8,"17":2,"18":2,"19":2,"20":1,"21":0,"22":0,"23":2,"24":8,"25":2,"26":2,"27":1},"f":{"0":8,"1":0,"2":2,"3":2,"4":2},"b":{"0":[0,8],"1":[8,2]}}
,"C:\\Users\\ALEXANDRA\\Documents\\GitHub\\HidroWeb_2024A\\hidroweb\\src\\componentes\\FormR\\FormR.tsx": {"path":"C:\\Users\\ALEXANDRA\\Documents\\GitHub\\HidroWeb_2024A\\hidroweb\\src\\componentes\\FormR\\FormR.tsx","statementMap":{"0":{"start":{"line":1,"column":0},"end":{"line":1,"column":40}},"1":{"start":{"line":2,"column":0},"end":{"line":2,"column":56}},"2":{"start":{"line":3,"column":0},"end":{"line":3,"column":null}},"3":{"start":{"line":17,"column":0},"end":{"line":17,"column":55}},"4":{"start":{"line":18,"column":0},"end":{"line":18,"column":48}},"5":{"start":{"line":19,"column":0},"end":{"line":19,"column":26}},"6":{"start":{"line":21,"column":24},"end":{"line":208,"column":1}},"7":{"start":{"line":22,"column":22},"end":{"line":22,"column":60}},"8":{"start":{"line":23,"column":31},"end":{"line":23,"column":72}},"9":{"start":{"line":24,"column":23},"end":{"line":24,"column":66}},"10":{"start":{"line":25,"column":44},"end":{"line":25,"column":59}},"11":{"start":{"line":26,"column":48},"end":{"line":26,"column":77}},"12":{"start":{"line":27,"column":44},"end":{"line":27,"column":73}},"13":{"start":{"line":28,"column":21},"end":{"line":28,"column":34}},"14":{"start":{"line":30,"column":36},"end":{"line":30,"column":72}},"15":{"start":{"line":30,"column":42},"end":{"line":30,"column":72}},"16":{"start":{"line":32,"column":27},"end":{"line":76,"column":5}},"17":{"start":{"line":33,"column":8},"end":{"line":33,"column":31}},"18":{"start":{"line":34,"column":21},"end":{"line":34,"column":52}},"19":{"start":{"line":35,"column":22},"end":{"line":35,"column":80}},"20":{"start":{"line":36,"column":26},"end":{"line":36,"column":88}},"21":{"start":{"line":37,"column":23},"end":{"line":37,"column":82}},"22":{"start":{"line":38,"column":26},"end":{"line":38,"column":88}},"23":{"start":{"line":40,"column":8},"end":{"line":43,"column":9}},"24":{"start":{"line":41,"column":12},"end":{"line":41,"column":66}},"25":{"start":{"line":42,"column":12},"end":{"line":42,"column":19}},"26":{"start":{"line":45,"column":8},"end":{"line":75,"column":9}},"27":{"start":{"line":47,"column":29},"end":{"line":52,"column":14}},"28":{"start":{"line":55,"column":12},"end":{"line":55,"column":68}},"29":{"start":{"line":57,"column":12},"end":{"line":63,"column":13}},"30":{"start":{"line":58,"column":16},"end":{"line":58,"column":57}},"31":{"start":{"line":59,"column":16},"end":{"line":59,"column":38}},"32":{"start":{"line":60,"column":16},"end":{"line":62,"column":25}},"33":{"start":{"line":61,"column":20},"end":{"line":61,"column":39}},"34":{"start":{"line":65,"column":12},"end":{"line":73,"column":13}},"35":{"start":{"line":66,"column":16},"end":{"line":70,"column":17}},"36":{"start":{"line":67,"column":20},"end":{"line":67,"column":63}},"37":{"start":{"line":69,"column":20},"end":{"line":69,"column":81}},"38":{"start":{"line":72,"column":16},"end":{"line":72,"column":69}},"39":{"start":{"line":74,"column":12},"end":{"line":74,"column":36}},"40":{"start":{"line":78,"column":4},"end":{"line":207,"column":6}},"41":{"start":{"line":210,"column":0},"end":{"line":210,"column":21}}},"fnMap":{"0":{"name":"(anonymous_1)","decl":{"start":{"line":21,"column":24},"end":{"line":21,"column":27}},"loc":{"start":{"line":21,"column":29},"end":{"line":208,"column":1}}},"1":{"name":"(anonymous_2)","decl":{"start":{"line":30,"column":36},"end":{"line":30,"column":39}},"loc":{"start":{"line":30,"column":42},"end":{"line":30,"column":72}}},"2":{"name":"(anonymous_3)","decl":{"start":{"line":32,"column":27},"end":{"line":32,"column":32}},"loc":{"start":{"line":32,"column":60},"end":{"line":76,"column":5}}},"3":{"name":"(anonymous_4)","decl":{"start":{"line":60,"column":27},"end":{"line":60,"column":30}},"loc":{"start":{"line":60,"column":32},"end":{"line":62,"column":17}}}},"branchMap":{"0":{"loc":{"start":{"line":40,"column":8},"end":{"line":43,"column":9}},"type":"if","locations":[{"start":{"line":40,"column":8},"end":{"line":43,"column":9}}]},"1":{"loc":{"start":{"line":40,"column":12},"end":{"line":40,"column":53}},"type":"binary-expr","locations":[{"start":{"line":40,"column":12},"end":{"line":40,"column":17}},{"start":{"line":40,"column":21},"end":{"line":40,"column":30}},{"start":{"line":40,"column":34},"end":{"line":40,"column":40}},{"start":{"line":40,"column":44},"end":{"line":40,"column":53}}]},"2":{"loc":{"start":{"line":57,"column":12},"end":{"line":63,"column":13}},"type":"if","locations":[{"start":{"line":57,"column":12},"end":{"line":63,"column":13}}]},"3":{"loc":{"start":{"line":65,"column":12},"end":{"line":73,"column":13}},"type":"if","locations":[{"start":{"line":65,"column":12},"end":{"line":73,"column":13}},{"start":{"line":71,"column":19},"end":{"line":73,"column":13}}]},"4":{"loc":{"start":{"line":66,"column":16},"end":{"line":70,"column":17}},"type":"if","locations":[{"start":{"line":66,"column":16},"end":{"line":70,"column":17}},{"start":{"line":68,"column":23},"end":{"line":70,"column":17}}]},"5":{"loc":{"start":{"line":66,"column":20},"end":{"line":66,"column":86}},"type":"binary-expr","locations":[{"start":{"line":66,"column":20},"end":{"line":66,"column":34}},{"start":{"line":66,"column":38},"end":{"line":66,"column":57}},{"start":{"line":66,"column":61},"end":{"line":66,"column":86}}]},"6":{"loc":{"start":{"line":90,"column":13},"end":{"line":94,"column":null}},"type":"binary-expr","locations":[{"start":{"line":90,"column":13},"end":{"line":90,"column":27}},{"start":{"line":91,"column":16},"end":{"line":93,"column":null}}]},"7":{"loc":{"start":{"line":97,"column":13},"end":{"line":101,"column":null}},"type":"binary-expr","locations":[{"start":{"line":97,"column":13},"end":{"line":97,"column":25}},{"start":{"line":98,"column":16},"end":{"line":100,"column":null}}]},"8":{"loc":{"start":{"line":166,"column":30},"end":{"line":166,"column":64}},"type":"cond-expr","locations":[{"start":{"line":166,"column":45},"end":{"line":166,"column":51}},{"start":{"line":166,"column":54},"end":{"line":166,"column":64}}]},"9":{"loc":{"start":{"line":175,"column":32},"end":{"line":175,"column":85}},"type":"cond-expr","locations":[{"start":{"line":175,"column":47},"end":{"line":175,"column":61}},{"start":{"line":175,"column":64},"end":{"line":175,"column":85}}]}},"s":{"0":1,"1":1,"2":1,"3":1,"4":1,"5":1,"6":1,"7":4,"8":4,"9":4,"10":4,"11":4,"12":4,"13":4,"14":4,"15":0,"16":4,"17":2,"18":2,"19":2,"20":2,"21":2,"22":2,"23":2,"24":0,"25":0,"26":2,"27":2,"28":1,"29":1,"30":1,"31":1,"32":1,"33":0,"34":1,"35":0,"36":0,"37":0,"38":1,"39":1,"40":4,"41":1},"f":{"0":4,"1":0,"2":2,"3":0},"b":{"0":[0],"1":[2,2,2,2],"2":[1],"3":[0,1],"4":[0,0],"5":[0,0,0],"6":[4,1],"7":[4,1],"8":[0,4],"9":[0,4]}}
,"C:\\Users\\ALEXANDRA\\Documents\\GitHub\\HidroWeb_2024A\\hidroweb\\src\\componentes\\FormU\\FormU.tsx": {"path":"C:\\Users\\ALEXANDRA\\Documents\\GitHub\\HidroWeb_2024A\\hidroweb\\src\\componentes\\FormU\\FormU.tsx","statementMap":{"0":{"start":{"line":1,"column":0},"end":{"line":1,"column":51}},"1":{"start":{"line":2,"column":0},"end":{"line":2,"column":null}},"2":{"start":{"line":14,"column":0},"end":{"line":14,"column":40}},"3":{"start":{"line":15,"column":0},"end":{"line":15,"column":71}},"4":{"start":{"line":16,"column":0},"end":{"line":16,"column":80}},"5":{"start":{"line":17,"column":0},"end":{"line":17,"column":35}},"6":{"start":{"line":18,"column":0},"end":{"line":18,"column":33}},"7":{"start":{"line":20,"column":24},"end":{"line":244,"column":1}},"8":{"start":{"line":21,"column":32},"end":{"line":21,"column":44}},"9":{"start":{"line":22,"column":36},"end":{"line":22,"column":48}},"10":{"start":{"line":23,"column":30},"end":{"line":23,"column":42}},"11":{"start":{"line":24,"column":48},"end":{"line":24,"column":60}},"12":{"start":{"line":25,"column":34},"end":{"line":25,"column":63}},"13":{"start":{"line":26,"column":28},"end":{"line":26,"column":55}},"14":{"start":{"line":27,"column":27},"end":{"line":27,"column":56}},"15":{"start":{"line":29,"column":17},"end":{"line":29,"column":26}},"16":{"start":{"line":30,"column":22},"end":{"line":30,"column":36}},"17":{"start":{"line":31,"column":20},"end":{"line":31,"column":32}},"18":{"start":{"line":33,"column":4},"end":{"line":55,"column":26}},"19":{"start":{"line":34,"column":30},"end":{"line":52,"column":9}},"20":{"start":{"line":35,"column":25},"end":{"line":35,"column":41}},"21":{"start":{"line":36,"column":12},"end":{"line":49,"column":13}},"22":{"start":{"line":37,"column":31},"end":{"line":37,"column":72}},"23":{"start":{"line":38,"column":32},"end":{"line":38,"column":52}},"24":{"start":{"line":39,"column":16},"end":{"line":48,"column":17}},"25":{"start":{"line":40,"column":33},"end":{"line":40,"column":47}},"26":{"start":{"line":41,"column":20},"end":{"line":41,"column":49}},"27":{"start":{"line":42,"column":20},"end":{"line":42,"column":53}},"28":{"start":{"line":43,"column":20},"end":{"line":43,"column":48}},"29":{"start":{"line":44,"column":20},"end":{"line":44,"column":65}},"30":{"start":{"line":45,"column":20},"end":{"line":45,"column":54}},"31":{"start":{"line":46,"column":20},"end":{"line":46,"column":37}},"32":{"start":{"line":54,"column":8},"end":{"line":54,"column":24}},"33":{"start":{"line":57,"column":29},"end":{"line":61,"column":5}},"34":{"start":{"line":58,"column":8},"end":{"line":60,"column":9}},"35":{"start":{"line":59,"column":12},"end":{"line":59,"column":39}},"36":{"start":{"line":63,"column":24},"end":{"line":64,"column":35}},"37":{"start":{"line":64,"column":8},"end":{"line":64,"column":35}},"38":{"start":{"line":66,"column":30},"end":{"line":100,"column":5}},"39":{"start":{"line":67,"column":8},"end":{"line":67,"column":35}},"40":{"start":{"line":67,"column":28},"end":{"line":67,"column":35}},"41":{"start":{"line":69,"column":8},"end":{"line":99,"column":9}},"42":{"start":{"line":70,"column":25},"end":{"line":70,"column":41}},"43":{"start":{"line":71,"column":12},"end":{"line":95,"column":13}},"44":{"start":{"line":72,"column":32},"end":{"line":72,"column":73}},"45":{"start":{"line":75,"column":34},"end":{"line":75,"column":41}},"46":{"start":{"line":76,"column":16},"end":{"line":80,"column":17}},"47":{"start":{"line":77,"column":37},"end":{"line":77,"column":77}},"48":{"start":{"line":78,"column":37},"end":{"line":78,"column":70}},"49":{"start":{"line":79,"column":20},"end":{"line":79,"column":69}},"50":{"start":{"line":82,"column":38},"end":{"line":82,"column":72}},"51":{"start":{"line":83,"column":44},"end":{"line":83,"column":64}},"52":{"start":{"line":86,"column":16},"end":{"line":92,"column":36}},"53":{"start":{"line":94,"column":16},"end":{"line":94,"column":43}},"54":{"start":{"line":98,"column":12},"end":{"line":98,"column":67}},"55":{"start":{"line":102,"column":33},"end":{"line":110,"column":5}},"56":{"start":{"line":103,"column":21},"end":{"line":103,"column":37}},"57":{"start":{"line":104,"column":8},"end":{"line":109,"column":9}},"58":{"start":{"line":106,"column":12},"end":{"line":106,"column":88}},"59":{"start":{"line":108,"column":12},"end":{"line":108,"column":71}},"60":{"start":{"line":114,"column":4},"end":{"line":243,"column":6}},"61":{"start":{"line":158,"column":49},"end":{"line":158,"column":74}},"62":{"start":{"line":168,"column":49},"end":{"line":168,"column":76}},"63":{"start":{"line":179,"column":49},"end":{"line":179,"column":73}},"64":{"start":{"line":246,"column":0},"end":{"line":246,"column":21}}},"fnMap":{"0":{"name":"(anonymous_1)","decl":{"start":{"line":20,"column":24},"end":{"line":20,"column":27}},"loc":{"start":{"line":20,"column":29},"end":{"line":244,"column":1}}},"1":{"name":"(anonymous_2)","decl":{"start":{"line":33,"column":14},"end":{"line":33,"column":17}},"loc":{"start":{"line":33,"column":19},"end":{"line":55,"column":5}}},"2":{"name":"(anonymous_3)","decl":{"start":{"line":34,"column":30},"end":{"line":34,"column":35}},"loc":{"start":{"line":34,"column":41},"end":{"line":52,"column":9}}},"3":{"name":"(anonymous_4)","decl":{"start":{"line":57,"column":29},"end":{"line":57,"column":30}},"loc":{"start":{"line":57,"column":72},"end":{"line":61,"column":5}}},"4":{"name":"(anonymous_5)","decl":{"start":{"line":63,"column":24},"end":{"line":63,"column":27}},"loc":{"start":{"line":64,"column":8},"end":{"line":64,"column":35}}},"5":{"name":"(anonymous_6)","decl":{"start":{"line":66,"column":30},"end":{"line":66,"column":35}},"loc":{"start":{"line":66,"column":41},"end":{"line":100,"column":5}}},"6":{"name":"(anonymous_7)","decl":{"start":{"line":102,"column":33},"end":{"line":102,"column":38}},"loc":{"start":{"line":102,"column":44},"end":{"line":110,"column":5}}},"7":{"name":"(anonymous_8)","decl":{"start":{"line":158,"column":42},"end":{"line":158,"column":43}},"loc":{"start":{"line":158,"column":49},"end":{"line":158,"column":74}}},"8":{"name":"(anonymous_9)","decl":{"start":{"line":168,"column":42},"end":{"line":168,"column":43}},"loc":{"start":{"line":168,"column":49},"end":{"line":168,"column":76}}},"9":{"name":"(anonymous_10)","decl":{"start":{"line":179,"column":42},"end":{"line":179,"column":43}},"loc":{"start":{"line":179,"column":49},"end":{"line":179,"column":73}}}},"branchMap":{"0":{"loc":{"start":{"line":36,"column":12},"end":{"line":49,"column":13}},"type":"if","locations":[{"start":{"line":36,"column":12},"end":{"line":49,"column":13}}]},"1":{"loc":{"start":{"line":39,"column":16},"end":{"line":48,"column":17}},"type":"if","locations":[{"start":{"line":39,"column":16},"end":{"line":48,"column":17}}]},"2":{"loc":{"start":{"line":41,"column":30},"end":{"line":41,"column":47}},"type":"binary-expr","locations":[{"start":{"line":41,"column":30},"end":{"line":41,"column":41}},{"start":{"line":41,"column":45},"end":{"line":41,"column":47}}]},"3":{"loc":{"start":{"line":42,"column":32},"end":{"line":42,"column":51}},"type":"binary-expr","locations":[{"start":{"line":42,"column":32},"end":{"line":42,"column":45}},{"start":{"line":42,"column":49},"end":{"line":42,"column":51}}]},"4":{"loc":{"start":{"line":43,"column":29},"end":{"line":43,"column":46}},"type":"binary-expr","locations":[{"start":{"line":43,"column":29},"end":{"line":43,"column":40}},{"start":{"line":43,"column":44},"end":{"line":43,"column":46}}]},"5":{"loc":{"start":{"line":44,"column":38},"end":{"line":44,"column":63}},"type":"binary-expr","locations":[{"start":{"line":44,"column":38},"end":{"line":44,"column":57}},{"start":{"line":44,"column":61},"end":{"line":44,"column":63}}]},"6":{"loc":{"start":{"line":45,"column":31},"end":{"line":45,"column":52}},"type":"binary-expr","locations":[{"start":{"line":45,"column":31},"end":{"line":45,"column":44}},{"start":{"line":45,"column":48},"end":{"line":45,"column":52}}]},"7":{"loc":{"start":{"line":58,"column":8},"end":{"line":60,"column":9}},"type":"if","locations":[{"start":{"line":58,"column":8},"end":{"line":60,"column":9}}]},"8":{"loc":{"start":{"line":58,"column":12},"end":{"line":58,"column":47}},"type":"binary-expr","locations":[{"start":{"line":58,"column":12},"end":{"line":58,"column":26}},{"start":{"line":58,"column":30},"end":{"line":58,"column":47}}]},"9":{"loc":{"start":{"line":64,"column":8},"end":{"line":64,"column":35}},"type":"binary-expr","locations":[{"start":{"line":64,"column":8},"end":{"line":64,"column":14}},{"start":{"line":64,"column":18},"end":{"line":64,"column":26}},{"start":{"line":64,"column":30},"end":{"line":64,"column":35}}]},"10":{"loc":{"start":{"line":67,"column":8},"end":{"line":67,"column":35}},"type":"if","locations":[{"start":{"line":67,"column":8},"end":{"line":67,"column":35}}]},"11":{"loc":{"start":{"line":71,"column":12},"end":{"line":95,"column":13}},"type":"if","locations":[{"start":{"line":71,"column":12},"end":{"line":95,"column":13}}]},"12":{"loc":{"start":{"line":76,"column":16},"end":{"line":80,"column":17}},"type":"if","locations":[{"start":{"line":76,"column":16},"end":{"line":80,"column":17}}]},"13":{"loc":{"start":{"line":82,"column":38},"end":{"line":82,"column":72}},"type":"binary-expr","locations":[{"start":{"line":82,"column":38},"end":{"line":82,"column":49}},{"start":{"line":82,"column":53},"end":{"line":82,"column":72}}]},"14":{"loc":{"start":{"line":83,"column":44},"end":{"line":83,"column":64}},"type":"binary-expr","locations":[{"start":{"line":83,"column":44},"end":{"line":83,"column":58}},{"start":{"line":83,"column":62},"end":{"line":83,"column":64}}]},"15":{"loc":{"start":{"line":104,"column":8},"end":{"line":109,"column":9}},"type":"if","locations":[{"start":{"line":104,"column":8},"end":{"line":109,"column":9}},{"start":{"line":107,"column":15},"end":{"line":109,"column":9}}]},"16":{"loc":{"start":{"line":126,"column":17},"end":{"line":146,"column":null}},"type":"binary-expr","locations":[{"start":{"line":126,"column":17},"end":{"line":126,"column":24}},{"start":{"line":127,"column":20},"end":{"line":145,"column":null}}]}},"s":{"0":1,"1":1,"2":1,"3":1,"4":1,"5":1,"6":1,"7":1,"8":11,"9":11,"10":11,"11":11,"12":11,"13":11,"14":11,"15":11,"16":11,"17":11,"18":11,"19":11,"20":11,"21":11,"22":11,"23":11,"24":11,"25":11,"26":11,"27":11,"28":11,"29":11,"30":11,"31":11,"32":11,"33":11,"34":0,"35":0,"36":11,"37":12,"38":11,"39":1,"40":0,"41":1,"42":1,"43":1,"44":1,"45":1,"46":1,"47":0,"48":0,"49":0,"50":1,"51":1,"52":1,"53":1,"54":0,"55":11,"56":1,"57":1,"58":1,"59":0,"60":11,"61":1,"62":1,"63":1,"64":1},"f":{"0":11,"1":11,"2":11,"3":0,"4":12,"5":1,"6":1,"7":1,"8":1,"9":1},"b":{"0":[11],"1":[11],"2":[11,0],"3":[11,0],"4":[11,0],"5":[11,0],"6":[11,11],"7":[0],"8":[0,0],"9":[12,8,7],"10":[0],"11":[1],"12":[0],"13":[1,1],"14":[1,1],"15":[1,0],"16":[11,0]}}
,"C:\\Users\\ALEXANDRA\\Documents\\GitHub\\HidroWeb_2024A\\hidroweb\\src\\componentes\\HistoricalChartForm\\HistoricalChartForm.tsx": {"path":"C:\\Users\\ALEXANDRA\\Documents\\GitHub\\HidroWeb_2024A\\hidroweb\\src\\componentes\\HistoricalChartForm\\HistoricalChartForm.tsx","statementMap":{"0":{"start":{"line":1,"column":0},"end":{"line":1,"column":89}},"1":{"start":{"line":2,"column":0},"end":{"line":2,"column":35}},"2":{"start":{"line":24,"column":49},"end":{"line":202,"column":1}},"3":{"start":{"line":43,"column":2},"end":{"line":201,"column":4}},"4":{"start":{"line":51,"column":29},"end":{"line":51,"column":63}},"5":{"start":{"line":55,"column":14},"end":{"line":55,"column":39}},"6":{"start":{"line":66,"column":29},"end":{"line":66,"column":62}},"7":{"start":{"line":69,"column":14},"end":{"line":69,"column":35}},"8":{"start":{"line":104,"column":27},"end":{"line":104,"column":41}},"9":{"start":{"line":105,"column":14},"end":{"line":105,"column":33}},"10":{"start":{"line":106,"column":14},"end":{"line":111,"column":15}},"11":{"start":{"line":107,"column":16},"end":{"line":107,"column":89}},"12":{"start":{"line":108,"column":16},"end":{"line":108,"column":33}},"13":{"start":{"line":110,"column":16},"end":{"line":110,"column":31}},"14":{"start":{"line":124,"column":27},"end":{"line":124,"column":41}},"15":{"start":{"line":125,"column":14},"end":{"line":125,"column":31}},"16":{"start":{"line":126,"column":14},"end":{"line":131,"column":15}},"17":{"start":{"line":127,"column":16},"end":{"line":127,"column":88}},"18":{"start":{"line":128,"column":16},"end":{"line":128,"column":31}},"19":{"start":{"line":130,"column":16},"end":{"line":130,"column":31}},"20":{"start":{"line":181,"column":29},"end":{"line":181,"column":64}},"21":{"start":{"line":186,"column":14},"end":{"line":186,"column":37}},"22":{"start":{"line":204,"column":0},"end":{"line":204,"column":35}}},"fnMap":{"0":{"name":"(anonymous_1)","decl":{"start":{"line":24,"column":49},"end":{"line":24,"column":50}},"loc":{"start":{"line":40,"column":5},"end":{"line":202,"column":1}}},"1":{"name":"(anonymous_2)","decl":{"start":{"line":51,"column":22},"end":{"line":51,"column":23}},"loc":{"start":{"line":51,"column":29},"end":{"line":51,"column":63}}},"2":{"name":"(anonymous_3)","decl":{"start":{"line":54,"column":26},"end":{"line":54,"column":27}},"loc":{"start":{"line":55,"column":14},"end":{"line":55,"column":39}}},"3":{"name":"(anonymous_4)","decl":{"start":{"line":66,"column":22},"end":{"line":66,"column":23}},"loc":{"start":{"line":66,"column":29},"end":{"line":66,"column":62}}},"4":{"name":"(anonymous_5)","decl":{"start":{"line":68,"column":48},"end":{"line":68,"column":49}},"loc":{"start":{"line":69,"column":14},"end":{"line":69,"column":35}}},"5":{"name":"(anonymous_6)","decl":{"start":{"line":103,"column":22},"end":{"line":103,"column":23}},"loc":{"start":{"line":103,"column":28},"end":{"line":112,"column":13}}},"6":{"name":"(anonymous_7)","decl":{"start":{"line":123,"column":22},"end":{"line":123,"column":23}},"loc":{"start":{"line":123,"column":28},"end":{"line":132,"column":13}}},"7":{"name":"(anonymous_8)","decl":{"start":{"line":181,"column":22},"end":{"line":181,"column":23}},"loc":{"start":{"line":181,"column":29},"end":{"line":181,"column":64}}},"8":{"name":"(anonymous_9)","decl":{"start":{"line":185,"column":52},"end":{"line":185,"column":53}},"loc":{"start":{"line":186,"column":14},"end":{"line":186,"column":37}}}},"branchMap":{"0":{"loc":{"start":{"line":106,"column":14},"end":{"line":111,"column":15}},"type":"if","locations":[{"start":{"line":106,"column":14},"end":{"line":111,"column":15}},{"start":{"line":109,"column":21},"end":{"line":111,"column":15}}]},"1":{"loc":{"start":{"line":106,"column":18},"end":{"line":106,"column":63}},"type":"binary-expr","locations":[{"start":{"line":106,"column":18},"end":{"line":106,"column":25}},{"start":{"line":106,"column":29},"end":{"line":106,"column":63}}]},"2":{"loc":{"start":{"line":126,"column":14},"end":{"line":131,"column":15}},"type":"if","locations":[{"start":{"line":126,"column":14},"end":{"line":131,"column":15}},{"start":{"line":129,"column":21},"end":{"line":131,"column":15}}]},"3":{"loc":{"start":{"line":126,"column":18},"end":{"line":126,"column":67}},"type":"binary-expr","locations":[{"start":{"line":126,"column":18},"end":{"line":126,"column":27}},{"start":{"line":126,"column":31},"end":{"line":126,"column":67}}]}},"s":{"0":1,"1":1,"2":1,"3":6,"4":1,"5":12,"6":1,"7":12,"8":1,"9":1,"10":1,"11":1,"12":1,"13":0,"14":0,"15":0,"16":0,"17":0,"18":0,"19":0,"20":0,"21":0,"22":1},"f":{"0":6,"1":1,"2":12,"3":1,"4":12,"5":1,"6":0,"7":0,"8":0},"b":{"0":[1,0],"1":[1,1],"2":[0,0],"3":[0,0]}}
,"C:\\Users\\ALEXANDRA\\Documents\\GitHub\\HidroWeb_2024A\\hidroweb\\src\\componentes\\LineChart\\LineChart.tsx": {"path":"C:\\Users\\ALEXANDRA\\Documents\\GitHub\\HidroWeb_2024A\\hidroweb\\src\\componentes\\LineChart\\LineChart.tsx","statementMap":{"0":{"start":{"line":236,"column":0},"end":{"line":236,"column":51}},"1":{"start":{"line":237,"column":0},"end":{"line":237,"column":39}},"2":{"start":{"line":238,"column":0},"end":{"line":238,"column":34}},"3":{"start":{"line":239,"column":0},"end":{"line":239,"column":97}},"4":{"start":{"line":241,"column":0},"end":{"line":241,"column":null}},"5":{"start":{"line":252,"column":0},"end":{"line":260,"column":2}},"6":{"start":{"line":268,"column":44},"end":{"line":398,"column":1}},"7":{"start":{"line":269,"column":38},"end":{"line":269,"column":57}},"8":{"start":{"line":270,"column":32},"end":{"line":270,"column":55}},"9":{"start":{"line":271,"column":28},"end":{"line":271,"column":57}},"10":{"start":{"line":273,"column":2},"end":{"line":300,"column":26}},"11":{"start":{"line":274,"column":4},"end":{"line":277,"column":5}},"12":{"start":{"line":275,"column":6},"end":{"line":275,"column":55}},"13":{"start":{"line":276,"column":6},"end":{"line":276,"column":13}},"14":{"start":{"line":279,"column":15},"end":{"line":279,"column":29}},"15":{"start":{"line":280,"column":31},"end":{"line":280,"column":103}},"16":{"start":{"line":281,"column":14},"end":{"line":281,"column":79}},"17":{"start":{"line":282,"column":4},"end":{"line":282,"column":21}},"18":{"start":{"line":284,"column":24},"end":{"line":296,"column":null}},"19":{"start":{"line":287,"column":21},"end":{"line":287,"column":64}},"20":{"start":{"line":287,"column":53},"end":{"line":287,"column":63}},"21":{"start":{"line":288,"column":8},"end":{"line":288,"column":38}},"22":{"start":{"line":289,"column":8},"end":{"line":289,"column":23}},"23":{"start":{"line":290,"column":8},"end":{"line":290,"column":26}},"24":{"start":{"line":293,"column":8},"end":{"line":293,"column":53}},"25":{"start":{"line":294,"column":8},"end":{"line":294,"column":40}},"26":{"start":{"line":295,"column":8},"end":{"line":295,"column":26}},"27":{"start":{"line":299,"column":4},"end":{"line":299,"column":31}},"28":{"start":{"line":299,"column":17},"end":{"line":299,"column":30}},"29":{"start":{"line":302,"column":2},"end":{"line":302,"column":51}},"30":{"start":{"line":302,"column":15},"end":{"line":302,"column":51}},"31":{"start":{"line":303,"column":2},"end":{"line":303,"column":35}},"32":{"start":{"line":303,"column":13},"end":{"line":303,"column":35}},"33":{"start":{"line":305,"column":18},"end":{"line":307,"column":10}},"34":{"start":{"line":309,"column":18},"end":{"line":311,"column":10}},"35":{"start":{"line":313,"column":27},"end":{"line":313,"column":63}},"36":{"start":{"line":314,"column":27},"end":{"line":314,"column":63}},"37":{"start":{"line":316,"column":16},"end":{"line":318,"column":65}},"38":{"start":{"line":320,"column":21},"end":{"line":331,"column":6}},"39":{"start":{"line":321,"column":4},"end":{"line":330,"column":5}},"40":{"start":{"line":323,"column":8},"end":{"line":323,"column":31}},"41":{"start":{"line":325,"column":8},"end":{"line":325,"column":34}},"42":{"start":{"line":327,"column":8},"end":{"line":327,"column":36}},"43":{"start":{"line":329,"column":8},"end":{"line":329,"column":26}},"44":{"start":{"line":333,"column":21},"end":{"line":333,"column":27}},"45":{"start":{"line":335,"column":17},"end":{"line":367,"column":4}},"46":{"start":{"line":337,"column":6},"end":{"line":343,"column":7}},"47":{"start":{"line":338,"column":8},"end":{"line":342,"column":11}},"48":{"start":{"line":344,"column":6},"end":{"line":344,"column":28}},"49":{"start":{"line":350,"column":10},"end":{"line":359,"column":11}},"50":{"start":{"line":352,"column":14},"end":{"line":352,"column":56}},"51":{"start":{"line":354,"column":14},"end":{"line":354,"column":48}},"52":{"start":{"line":356,"column":14},"end":{"line":356,"column":57}},"53":{"start":{"line":358,"column":14},"end":{"line":358,"column":23}},"54":{"start":{"line":369,"column":18},"end":{"line":395,"column":4}},"55":{"start":{"line":397,"column":2},"end":{"line":397,"column":50}},"56":{"start":{"line":400,"column":0},"end":{"line":400,"column":25}}},"fnMap":{"0":{"name":"(anonymous_0)","decl":{"start":{"line":268,"column":44},"end":{"line":268,"column":45}},"loc":{"start":{"line":268,"column":82},"end":{"line":398,"column":1}}},"1":{"name":"(anonymous_1)","decl":{"start":{"line":273,"column":12},"end":{"line":273,"column":15}},"loc":{"start":{"line":273,"column":17},"end":{"line":300,"column":3}}},"2":{"name":"(anonymous_2)","decl":{"start":{"line":286,"column":6},"end":{"line":286,"column":7}},"loc":{"start":{"line":286,"column":24},"end":{"line":291,"column":7}}},"3":{"name":"(anonymous_3)","decl":{"start":{"line":287,"column":44},"end":{"line":287,"column":45}},"loc":{"start":{"line":287,"column":53},"end":{"line":287,"column":63}}},"4":{"name":"(anonymous_4)","decl":{"start":{"line":292,"column":6},"end":{"line":292,"column":7}},"loc":{"start":{"line":292,"column":16},"end":{"line":296,"column":7}}},"5":{"name":"(anonymous_5)","decl":{"start":{"line":299,"column":11},"end":{"line":299,"column":14}},"loc":{"start":{"line":299,"column":17},"end":{"line":299,"column":30}}},"6":{"name":"(anonymous_6)","decl":{"start":{"line":320,"column":22},"end":{"line":320,"column":25}},"loc":{"start":{"line":320,"column":27},"end":{"line":331,"column":3}}},"7":{"name":"(anonymous_7)","decl":{"start":{"line":336,"column":27},"end":{"line":336,"column":28}},"loc":{"start":{"line":336,"column":36},"end":{"line":345,"column":5}}},"8":{"name":"(anonymous_8)","decl":{"start":{"line":349,"column":29},"end":{"line":349,"column":30}},"loc":{"start":{"line":349,"column":38},"end":{"line":360,"column":9}}}},"branchMap":{"0":{"loc":{"start":{"line":274,"column":4},"end":{"line":277,"column":5}},"type":"if","locations":[{"start":{"line":274,"column":4},"end":{"line":277,"column":5}}]},"1":{"loc":{"start":{"line":274,"column":8},"end":{"line":274,"column":29}},"type":"binary-expr","locations":[{"start":{"line":274,"column":8},"end":{"line":274,"column":15}},{"start":{"line":274,"column":19},"end":{"line":274,"column":29}}]},"2":{"loc":{"start":{"line":302,"column":2},"end":{"line":302,"column":51}},"type":"if","locations":[{"start":{"line":302,"column":2},"end":{"line":302,"column":51}}]},"3":{"loc":{"start":{"line":303,"column":2},"end":{"line":303,"column":35}},"type":"if","locations":[{"start":{"line":303,"column":2},"end":{"line":303,"column":35}}]},"4":{"loc":{"start":{"line":305,"column":18},"end":{"line":307,"column":10}},"type":"cond-expr","locations":[{"start":{"line":306,"column":6},"end":{"line":306,"column":53}},{"start":{"line":307,"column":6},"end":{"line":307,"column":10}}]},"5":{"loc":{"start":{"line":309,"column":18},"end":{"line":311,"column":10}},"type":"cond-expr","locations":[{"start":{"line":310,"column":6},"end":{"line":310,"column":73}},{"start":{"line":311,"column":6},"end":{"line":311,"column":10}}]},"6":{"loc":{"start":{"line":316,"column":16},"end":{"line":318,"column":65}},"type":"cond-expr","locations":[{"start":{"line":317,"column":6},"end":{"line":317,"column":42}},{"start":{"line":318,"column":6},"end":{"line":318,"column":65}}]},"7":{"loc":{"start":{"line":316,"column":16},"end":{"line":316,"column":75}},"type":"binary-expr","locations":[{"start":{"line":316,"column":16},"end":{"line":316,"column":23}},{"start":{"line":316,"column":27},"end":{"line":316,"column":34}},{"start":{"line":316,"column":38},"end":{"line":316,"column":75}}]},"8":{"loc":{"start":{"line":321,"column":4},"end":{"line":330,"column":5}},"type":"switch","locations":[{"start":{"line":322,"column":6},"end":{"line":323,"column":31}},{"start":{"line":324,"column":6},"end":{"line":325,"column":34}},{"start":{"line":326,"column":6},"end":{"line":327,"column":36}},{"start":{"line":328,"column":6},"end":{"line":329,"column":26}}]},"9":{"loc":{"start":{"line":337,"column":6},"end":{"line":343,"column":7}},"type":"if","locations":[{"start":{"line":337,"column":6},"end":{"line":343,"column":7}}]},"10":{"loc":{"start":{"line":337,"column":10},"end":{"line":337,"column":48}},"type":"binary-expr","locations":[{"start":{"line":337,"column":10},"end":{"line":337,"column":23}},{"start":{"line":337,"column":27},"end":{"line":337,"column":48}}]},"11":{"loc":{"start":{"line":350,"column":10},"end":{"line":359,"column":11}},"type":"switch","locations":[{"start":{"line":351,"column":12},"end":{"line":352,"column":56}},{"start":{"line":353,"column":12},"end":{"line":354,"column":48}},{"start":{"line":355,"column":12},"end":{"line":356,"column":57}},{"start":{"line":357,"column":12},"end":{"line":358,"column":23}}]},"12":{"loc":{"start":{"line":352,"column":32},"end":{"line":352,"column":54}},"type":"binary-expr","locations":[{"start":{"line":352,"column":32},"end":{"line":352,"column":47}},{"start":{"line":352,"column":51},"end":{"line":352,"column":54}}]},"13":{"loc":{"start":{"line":354,"column":32},"end":{"line":354,"column":46}},"type":"binary-expr","locations":[{"start":{"line":354,"column":32},"end":{"line":354,"column":39}},{"start":{"line":354,"column":43},"end":{"line":354,"column":46}}]},"14":{"loc":{"start":{"line":356,"column":32},"end":{"line":356,"column":55}},"type":"binary-expr","locations":[{"start":{"line":356,"column":32},"end":{"line":356,"column":48}},{"start":{"line":356,"column":52},"end":{"line":356,"column":55}}]}},"s":{"0":1,"1":1,"2":1,"3":1,"4":1,"5":1,"6":1,"7":4,"8":4,"9":4,"10":4,"11":2,"12":0,"13":0,"14":2,"15":2,"16":2,"17":2,"18":2,"19":1,"20":1,"21":1,"22":1,"23":1,"24":1,"25":1,"26":1,"27":2,"28":2,"29":4,"30":2,"31":2,"32":1,"33":1,"34":1,"35":1,"36":1,"37":1,"38":1,"39":1,"40":0,"41":1,"42":0,"43":0,"44":1,"45":1,"46":1,"47":1,"48":0,"49":1,"50":0,"51":0,"52":1,"53":0,"54":1,"55":1,"56":1},"f":{"0":4,"1":2,"2":1,"3":1,"4":1,"5":2,"6":1,"7":1,"8":1},"b":{"0":[0],"1":[2,2],"2":[2],"3":[1],"4":[1,0],"5":[1,0],"6":[1,0],"7":[1,1,1],"8":[0,1,0,0],"9":[1],"10":[1,1],"11":[0,0,1,0],"12":[0,0],"13":[0,0],"14":[1,0]}}
,"C:\\Users\\ALEXANDRA\\Documents\\GitHub\\HidroWeb_2024A\\hidroweb\\src\\componentes\\LoginIllustration\\LoginIllustration.styles.ts": {"path":"C:\\Users\\ALEXANDRA\\Documents\\GitHub\\HidroWeb_2024A\\hidroweb\\src\\componentes\\LoginIllustration\\LoginIllustration.styles.ts","statementMap":{"0":{"start":{"line":3,"column":13},"end":{"line":17,"column":null}}},"fnMap":{},"branchMap":{},"s":{"0":1},"f":{},"b":{}}
,"C:\\Users\\ALEXANDRA\\Documents\\GitHub\\HidroWeb_2024A\\hidroweb\\src\\componentes\\LoginIllustration\\LoginIllustration.tsx": {"path":"C:\\Users\\ALEXANDRA\\Documents\\GitHub\\HidroWeb_2024A\\hidroweb\\src\\componentes\\LoginIllustration\\LoginIllustration.tsx","statementMap":{"0":{"start":{"line":2,"column":0},"end":{"line":2,"column":51}},"1":{"start":{"line":3,"column":0},"end":{"line":3,"column":56}},"2":{"start":{"line":4,"column":0},"end":{"line":4,"column":39}},"3":{"start":{"line":11,"column":59},"end":{"line":57,"column":1}},"4":{"start":{"line":12,"column":4},"end":{"line":56,"column":6}},"5":{"start":{"line":59,"column":0},"end":{"line":59,"column":33}}},"fnMap":{"0":{"name":"(anonymous_1)","decl":{"start":{"line":11,"column":59},"end":{"line":11,"column":60}},"loc":{"start":{"line":11,"column":100},"end":{"line":57,"column":1}}}},"branchMap":{},"s":{"0":1,"1":1,"2":1,"3":1,"4":2,"5":1},"f":{"0":2},"b":{}}
,"C:\\Users\\ALEXANDRA\\Documents\\GitHub\\HidroWeb_2024A\\hidroweb\\src\\componentes\\Navbar\\Navbar.tsx": {"path":"C:\\Users\\ALEXANDRA\\Documents\\GitHub\\HidroWeb_2024A\\hidroweb\\src\\componentes\\Navbar\\Navbar.tsx","statementMap":{"0":{"start":{"line":1,"column":0},"end":{"line":1,"column":51}},"1":{"start":{"line":2,"column":0},"end":{"line":2,"column":66}},"2":{"start":{"line":3,"column":0},"end":{"line":3,"column":117}},"3":{"start":{"line":4,"column":0},"end":{"line":4,"column":53}},"4":{"start":{"line":5,"column":0},"end":{"line":5,"column":43}},"5":{"start":{"line":6,"column":0},"end":{"line":6,"column":52}},"6":{"start":{"line":7,"column":0},"end":{"line":7,"column":46}},"7":{"start":{"line":8,"column":0},"end":{"line":8,"column":49}},"8":{"start":{"line":9,"column":0},"end":{"line":9,"column":63}},"9":{"start":{"line":10,"column":0},"end":{"line":10,"column":39}},"10":{"start":{"line":11,"column":0},"end":{"line":11,"column":39}},"11":{"start":{"line":14,"column":13},"end":{"line":20,"column":2}},"12":{"start":{"line":22,"column":13},"end":{"line":30,"column":2}},"13":{"start":{"line":32,"column":13},"end":{"line":65,"column":2}},"14":{"start":{"line":38,"column":32},"end":{"line":38,"column":59}},"15":{"start":{"line":39,"column":37},"end":{"line":39,"column":67}},"16":{"start":{"line":67,"column":25},"end":{"line":228,"column":1}},"17":{"start":{"line":68,"column":36},"end":{"line":68,"column":120}},"18":{"start":{"line":69,"column":17},"end":{"line":69,"column":26}},"19":{"start":{"line":70,"column":22},"end":{"line":70,"column":36}},"20":{"start":{"line":71,"column":21},"end":{"line":71,"column":34}},"21":{"start":{"line":73,"column":21},"end":{"line":73,"column":34}},"22":{"start":{"line":74,"column":36},"end":{"line":74,"column":63}},"23":{"start":{"line":76,"column":4},"end":{"line":78,"column":28}},"24":{"start":{"line":77,"column":8},"end":{"line":77,"column":39}},"25":{"start":{"line":80,"column":4},"end":{"line":94,"column":26}},"26":{"start":{"line":81,"column":30},"end":{"line":90,"column":9}},"27":{"start":{"line":82,"column":25},"end":{"line":82,"column":41}},"28":{"start":{"line":83,"column":12},"end":{"line":89,"column":13}},"29":{"start":{"line":84,"column":31},"end":{"line":84,"column":72}},"30":{"start":{"line":85,"column":32},"end":{"line":85,"column":52}},"31":{"start":{"line":86,"column":16},"end":{"line":88,"column":17}},"32":{"start":{"line":87,"column":20},"end":{"line":87,"column":113}},"33":{"start":{"line":93,"column":8},"end":{"line":93,"column":24}},"34":{"start":{"line":96,"column":25},"end":{"line":106,"column":5}},"35":{"start":{"line":97,"column":8},"end":{"line":105,"column":15}},"36":{"start":{"line":99,"column":16},"end":{"line":99,"column":48}},"37":{"start":{"line":100,"column":16},"end":{"line":100,"column":35}},"38":{"start":{"line":103,"column":16},"end":{"line":103,"column":60}},"39":{"start":{"line":104,"column":16},"end":{"line":104,"column":88}},"40":{"start":{"line":108,"column":26},"end":{"line":108,"column":56}},"41":{"start":{"line":108,"column":32},"end":{"line":108,"column":56}},"42":{"start":{"line":109,"column":24},"end":{"line":109,"column":60}},"43":{"start":{"line":109,"column":30},"end":{"line":109,"column":60}},"44":{"start":{"line":111,"column":19},"end":{"line":111,"column":57}},"45":{"start":{"line":112,"column":19},"end":{"line":112,"column":53}},"46":{"start":{"line":113,"column":24},"end":{"line":113,"column":65}},"47":{"start":{"line":114,"column":22},"end":{"line":114,"column":60}},"48":{"start":{"line":116,"column":24},"end":{"line":120,"column":5}},"49":{"start":{"line":117,"column":28},"end":{"line":117,"column":56}},"50":{"start":{"line":118,"column":31},"end":{"line":118,"column":62}},"51":{"start":{"line":119,"column":8},"end":{"line":119,"column":49}},"52":{"start":{"line":122,"column":21},"end":{"line":122,"column":84}},"53":{"start":{"line":125,"column":42},"end":{"line":125,"column":62}},"54":{"start":{"line":128,"column":4},"end":{"line":135,"column":11}},"55":{"start":{"line":129,"column":22},"end":{"line":131,"column":16}},"56":{"start":{"line":130,"column":12},"end":{"line":130,"column":39}},"57":{"start":{"line":134,"column":8},"end":{"line":134,"column":42}},"58":{"start":{"line":134,"column":21},"end":{"line":134,"column":41}},"59":{"start":{"line":138,"column":23},"end":{"line":145,"column":5}},"60":{"start":{"line":139,"column":8},"end":{"line":144,"column":11}},"61":{"start":{"line":147,"column":23},"end":{"line":149,"column":5}},"62":{"start":{"line":148,"column":8},"end":{"line":148,"column":48}},"63":{"start":{"line":151,"column":4},"end":{"line":227,"column":6}},"64":{"start":{"line":230,"column":0},"end":{"line":230,"column":22}}},"fnMap":{"0":{"name":"(anonymous_1)","decl":{"start":{"line":38,"column":13},"end":{"line":38,"column":14}},"loc":{"start":{"line":38,"column":32},"end":{"line":38,"column":59}}},"1":{"name":"(anonymous_2)","decl":{"start":{"line":39,"column":18},"end":{"line":39,"column":19}},"loc":{"start":{"line":39,"column":37},"end":{"line":39,"column":67}}},"2":{"name":"(anonymous_3)","decl":{"start":{"line":67,"column":25},"end":{"line":67,"column":28}},"loc":{"start":{"line":67,"column":30},"end":{"line":228,"column":1}}},"3":{"name":"(anonymous_4)","decl":{"start":{"line":76,"column":14},"end":{"line":76,"column":17}},"loc":{"start":{"line":76,"column":19},"end":{"line":78,"column":5}}},"4":{"name":"(anonymous_5)","decl":{"start":{"line":80,"column":14},"end":{"line":80,"column":17}},"loc":{"start":{"line":80,"column":19},"end":{"line":94,"column":5}}},"5":{"name":"(anonymous_6)","decl":{"start":{"line":81,"column":30},"end":{"line":81,"column":35}},"loc":{"start":{"line":81,"column":41},"end":{"line":90,"column":9}}},"6":{"name":"(anonymous_7)","decl":{"start":{"line":96,"column":25},"end":{"line":96,"column":28}},"loc":{"start":{"line":96,"column":30},"end":{"line":106,"column":5}}},"7":{"name":"(anonymous_8)","decl":{"start":{"line":98,"column":18},"end":{"line":98,"column":21}},"loc":{"start":{"line":98,"column":23},"end":{"line":101,"column":13}}},"8":{"name":"(anonymous_9)","decl":{"start":{"line":102,"column":19},"end":{"line":102,"column":20}},"loc":{"start":{"line":102,"column":29},"end":{"line":105,"column":13}}},"9":{"name":"(anonymous_10)","decl":{"start":{"line":108,"column":26},"end":{"line":108,"column":29}},"loc":{"start":{"line":108,"column":32},"end":{"line":108,"column":56}}},"10":{"name":"(anonymous_11)","decl":{"start":{"line":109,"column":24},"end":{"line":109,"column":27}},"loc":{"start":{"line":109,"column":30},"end":{"line":109,"column":60}}},"11":{"name":"(anonymous_12)","decl":{"start":{"line":116,"column":24},"end":{"line":116,"column":25}},"loc":{"start":{"line":116,"column":58},"end":{"line":120,"column":5}}},"12":{"name":"(anonymous_13)","decl":{"start":{"line":128,"column":14},"end":{"line":128,"column":17}},"loc":{"start":{"line":128,"column":19},"end":{"line":135,"column":5}}},"13":{"name":"(anonymous_14)","decl":{"start":{"line":129,"column":34},"end":{"line":129,"column":37}},"loc":{"start":{"line":129,"column":39},"end":{"line":131,"column":9}}},"14":{"name":"(anonymous_15)","decl":{"start":{"line":134,"column":15},"end":{"line":134,"column":18}},"loc":{"start":{"line":134,"column":21},"end":{"line":134,"column":41}}},"15":{"name":"(anonymous_16)","decl":{"start":{"line":138,"column":23},"end":{"line":138,"column":24}},"loc":{"start":{"line":138,"column":38},"end":{"line":145,"column":5}}},"16":{"name":"(anonymous_17)","decl":{"start":{"line":147,"column":23},"end":{"line":147,"column":24}},"loc":{"start":{"line":147,"column":38},"end":{"line":149,"column":5}}}},"branchMap":{"0":{"loc":{"start":{"line":38,"column":32},"end":{"line":38,"column":59}},"type":"cond-expr","locations":[{"start":{"line":38,"column":43},"end":{"line":38,"column":50}},{"start":{"line":38,"column":53},"end":{"line":38,"column":59}}]},"1":{"loc":{"start":{"line":39,"column":37},"end":{"line":39,"column":67}},"type":"cond-expr","locations":[{"start":{"line":39,"column":48},"end":{"line":39,"column":55}},{"start":{"line":39,"column":58},"end":{"line":39,"column":67}}]},"2":{"loc":{"start":{"line":83,"column":12},"end":{"line":89,"column":13}},"type":"if","locations":[{"start":{"line":83,"column":12},"end":{"line":89,"column":13}}]},"3":{"loc":{"start":{"line":86,"column":16},"end":{"line":88,"column":17}},"type":"if","locations":[{"start":{"line":86,"column":16},"end":{"line":88,"column":17}}]},"4":{"loc":{"start":{"line":122,"column":21},"end":{"line":122,"column":84}},"type":"cond-expr","locations":[{"start":{"line":122,"column":32},"end":{"line":122,"column":79}},{"start":{"line":122,"column":82},"end":{"line":122,"column":84}}]},"5":{"loc":{"start":{"line":191,"column":38},"end":{"line":191,"column":99}},"type":"cond-expr","locations":[{"start":{"line":191,"column":49},"end":{"line":191,"column":90}},{"start":{"line":191,"column":93},"end":{"line":191,"column":99}}]},"6":{"loc":{"start":{"line":198,"column":33},"end":{"line":198,"column":57}},"type":"cond-expr","locations":[{"start":{"line":198,"column":44},"end":{"line":198,"column":52}},{"start":{"line":198,"column":55},"end":{"line":198,"column":57}}]},"7":{"loc":{"start":{"line":204,"column":45},"end":{"line":204,"column":80}},"type":"cond-expr","locations":[{"start":{"line":204,"column":56},"end":{"line":204,"column":71}},{"start":{"line":204,"column":74},"end":{"line":204,"column":80}}]}},"s":{"0":1,"1":1,"2":1,"3":1,"4":1,"5":1,"6":1,"7":1,"8":1,"9":1,"10":1,"11":1,"12":1,"13":1,"14":24,"15":24,"16":1,"17":9,"18":8,"19":8,"20":8,"21":8,"22":8,"23":8,"24":5,"25":8,"26":8,"27":8,"28":8,"29":8,"30":8,"31":8,"32":8,"33":8,"34":8,"35":1,"36":1,"37":1,"38":0,"39":0,"40":8,"41":1,"42":8,"43":0,"44":8,"45":8,"46":8,"47":8,"48":8,"49":3,"50":3,"51":3,"52":8,"53":8,"54":8,"55":5,"56":0,"57":5,"58":5,"59":8,"60":8,"61":8,"62":8,"63":8,"64":1},"f":{"0":24,"1":24,"2":9,"3":5,"4":8,"5":8,"6":1,"7":1,"8":0,"9":1,"10":0,"11":3,"12":5,"13":0,"14":5,"15":8,"16":8},"b":{"0":[0,24],"1":[0,24],"2":[8],"3":[8],"4":[3,5],"5":[3,5],"6":[3,5],"7":[3,5]}}
,"C:\\Users\\ALEXANDRA\\Documents\\GitHub\\HidroWeb_2024A\\hidroweb\\src\\componentes\\Notif\\Notif.tsx": {"path":"C:\\Users\\ALEXANDRA\\Documents\\GitHub\\HidroWeb_2024A\\hidroweb\\src\\componentes\\Notif\\Notif.tsx","statementMap":{"0":{"start":{"line":5,"column":0},"end":{"line":5,"column":91}},"1":{"start":{"line":6,"column":0},"end":{"line":6,"column":55}},"2":{"start":{"line":8,"column":14},"end":{"line":63,"column":1}},"3":{"start":{"line":9,"column":27},"end":{"line":9,"column":38}},"4":{"start":{"line":11,"column":2},"end":{"line":62,"column":4}},"5":{"start":{"line":15,"column":10},"end":{"line":15,"column":null}},"6":{"start":{"line":65,"column":0},"end":{"line":65,"column":21}}},"fnMap":{"0":{"name":"(anonymous_0)","decl":{"start":{"line":8,"column":14},"end":{"line":8,"column":17}},"loc":{"start":{"line":8,"column":19},"end":{"line":63,"column":1}}},"1":{"name":"(anonymous_1)","decl":{"start":{"line":14,"column":26},"end":{"line":14,"column":27}},"loc":{"start":{"line":15,"column":10},"end":{"line":15,"column":null}}}},"branchMap":{"0":{"loc":{"start":{"line":22,"column":18},"end":{"line":22,"column":111}},"type":"cond-expr","locations":[{"start":{"line":22,"column":46},"end":{"line":22,"column":54}},{"start":{"line":22,"column":57},"end":{"line":22,"column":111}}]},"1":{"loc":{"start":{"line":22,"column":57},"end":{"line":22,"column":111}},"type":"cond-expr","locations":[{"start":{"line":22,"column":87},"end":{"line":22,"column":97}},{"start":{"line":22,"column":100},"end":{"line":22,"column":111}}]},"2":{"loc":{"start":{"line":26,"column":31},"end":{"line":26,"column":61}},"type":"binary-expr","locations":[{"start":{"line":26,"column":31},"end":{"line":26,"column":44}},{"start":{"line":26,"column":48},"end":{"line":26,"column":61}}]},"3":{"loc":{"start":{"line":26,"column":67},"end":{"line":26,"column":111}},"type":"binary-expr","locations":[{"start":{"line":26,"column":67},"end":{"line":26,"column":81}},{"start":{"line":26,"column":85},"end":{"line":26,"column":111}}]},"4":{"loc":{"start":{"line":30,"column":19},"end":{"line":30,"column":66}},"type":"binary-expr","locations":[{"start":{"line":30,"column":19},"end":{"line":30,"column":57}},{"start":{"line":30,"column":61},"end":{"line":30,"column":66}}]},"5":{"loc":{"start":{"line":31,"column":19},"end":{"line":31,"column":66}},"type":"binary-expr","locations":[{"start":{"line":31,"column":19},"end":{"line":31,"column":57}},{"start":{"line":31,"column":61},"end":{"line":31,"column":66}}]},"6":{"loc":{"start":{"line":35,"column":19},"end":{"line":35,"column":57}},"type":"binary-expr","locations":[{"start":{"line":35,"column":19},"end":{"line":35,"column":48}},{"start":{"line":35,"column":52},"end":{"line":35,"column":57}}]},"7":{"loc":{"start":{"line":35,"column":62},"end":{"line":35,"column":100}},"type":"binary-expr","locations":[{"start":{"line":35,"column":62},"end":{"line":35,"column":91}},{"start":{"line":35,"column":95},"end":{"line":35,"column":100}}]},"8":{"loc":{"start":{"line":38,"column":61},"end":{"line":38,"column":101}},"type":"binary-expr","locations":[{"start":{"line":38,"column":61},"end":{"line":38,"column":92}},{"start":{"line":38,"column":96},"end":{"line":38,"column":101}}]},"9":{"loc":{"start":{"line":42,"column":19},"end":{"line":42,"column":80}},"type":"cond-expr","locations":[{"start":{"line":42,"column":48},"end":{"line":42,"column":72}},{"start":{"line":42,"column":75},"end":{"line":42,"column":80}}]},"10":{"loc":{"start":{"line":45,"column":47},"end":{"line":45,"column":97}},"type":"cond-expr","locations":[{"start":{"line":45,"column":74},"end":{"line":45,"column":89}},{"start":{"line":45,"column":92},"end":{"line":45,"column":97}}]},"11":{"loc":{"start":{"line":49,"column":19},"end":{"line":49,"column":91}},"type":"cond-expr","locations":[{"start":{"line":49,"column":54},"end":{"line":49,"column":83}},{"start":{"line":49,"column":86},"end":{"line":49,"column":91}}]},"12":{"loc":{"start":{"line":51,"column":17},"end":{"line":54,"column":null}},"type":"binary-expr","locations":[{"start":{"line":51,"column":17},"end":{"line":51,"column":28}},{"start":{"line":52,"column":18},"end":{"line":52,"column":null}}]}},"s":{"0":1,"1":1,"2":1,"3":2,"4":2,"5":1,"6":1},"f":{"0":2,"1":1},"b":{"0":[1,0],"1":[0,0],"2":[1,0],"3":[1,0],"4":[1,0],"5":[1,0],"6":[1,0],"7":[1,0],"8":[1,0],"9":[1,0],"10":[1,0],"11":[1,0],"12":[1,1]}}
,"C:\\Users\\ALEXANDRA\\Documents\\GitHub\\HidroWeb_2024A\\hidroweb\\src\\componentes\\ProtectedRoute\\ProtectedRoute.tsx": {"path":"C:\\Users\\ALEXANDRA\\Documents\\GitHub\\HidroWeb_2024A\\hidroweb\\src\\componentes\\ProtectedRoute\\ProtectedRoute.tsx","statementMap":{"0":{"start":{"line":4,"column":0},"end":{"line":4,"column":51}},"1":{"start":{"line":5,"column":0},"end":{"line":5,"column":44}},"2":{"start":{"line":6,"column":0},"end":{"line":6,"column":60}},"3":{"start":{"line":8,"column":64},"end":{"line":30,"column":1}},"4":{"start":{"line":9,"column":48},"end":{"line":9,"column":78}},"5":{"start":{"line":10,"column":15},"end":{"line":10,"column":24}},"6":{"start":{"line":12,"column":2},"end":{"line":18,"column":13}},"7":{"start":{"line":13,"column":24},"end":{"line":15,"column":6}},"8":{"start":{"line":14,"column":6},"end":{"line":14,"column":33}},"9":{"start":{"line":17,"column":4},"end":{"line":17,"column":31}},"10":{"start":{"line":17,"column":17},"end":{"line":17,"column":30}},"11":{"start":{"line":20,"column":2},"end":{"line":23,"column":3}},"12":{"start":{"line":22,"column":4},"end":{"line":22,"column":33}},"13":{"start":{"line":25,"column":2},"end":{"line":27,"column":3}},"14":{"start":{"line":26,"column":4},"end":{"line":26,"column":51}},"15":{"start":{"line":29,"column":2},"end":{"line":29,"column":25}},"16":{"start":{"line":32,"column":0},"end":{"line":32,"column":30}}},"fnMap":{"0":{"name":"(anonymous_0)","decl":{"start":{"line":8,"column":64},"end":{"line":8,"column":65}},"loc":{"start":{"line":8,"column":81},"end":{"line":30,"column":1}}},"1":{"name":"(anonymous_1)","decl":{"start":{"line":12,"column":12},"end":{"line":12,"column":15}},"loc":{"start":{"line":12,"column":17},"end":{"line":18,"column":3}}},"2":{"name":"(anonymous_2)","decl":{"start":{"line":13,"column":49},"end":{"line":13,"column":50}},"loc":{"start":{"line":13,"column":58},"end":{"line":15,"column":5}}},"3":{"name":"(anonymous_3)","decl":{"start":{"line":17,"column":11},"end":{"line":17,"column":14}},"loc":{"start":{"line":17,"column":17},"end":{"line":17,"column":30}}}},"branchMap":{"0":{"loc":{"start":{"line":20,"column":2},"end":{"line":23,"column":3}},"type":"if","locations":[{"start":{"line":20,"column":2},"end":{"line":23,"column":3}}]},"1":{"loc":{"start":{"line":25,"column":2},"end":{"line":27,"column":3}},"type":"if","locations":[{"start":{"line":25,"column":2},"end":{"line":27,"column":3}}]}},"s":{"0":1,"1":1,"2":1,"3":1,"4":5,"5":5,"6":5,"7":3,"8":2,"9":3,"10":3,"11":5,"12":3,"13":2,"14":1,"15":1,"16":1},"f":{"0":5,"1":3,"2":2,"3":3},"b":{"0":[3],"1":[1]}}
}
