TN:
SF:src\componentes\CurrentWeather\CurrentWeather.tsx
FN:31,(anonymous_1)
FN:36,(anonymous_2)
FN:38,(anonymous_3)
FN:43,(anonymous_4)
FN:50,(anonymous_5)
FNF:5
FNH:5
FNDA:8,(anonymous_1)
FNDA:4,(anonymous_2)
FNDA:3,(anonymous_3)
FNDA:1,(anonymous_4)
FNDA:3,(anonymous_5)
DA:1,1
DA:2,1
DA:3,1
DA:4,1
DA:6,1
DA:15,1
DA:31,1
DA:32,8
DA:33,8
DA:34,8
DA:36,8
DA:37,4
DA:39,3
DA:40,3
DA:41,3
DA:44,1
DA:45,1
DA:50,8
DA:51,3
DA:52,3
DA:55,3
DA:56,1
DA:58,2
DA:59,2
DA:60,2
DA:62,1
DA:63,1
DA:64,1
DA:69,8
DA:70,4
DA:73,4
DA:74,2
DA:77,2
DA:78,1
DA:81,1
DA:82,1
DA:84,1
DA:111,1
LF:38
LH:38
BRDA:55,0,0,1
BRDA:69,1,0,4
BRDA:73,2,0,2
BRDA:77,3,0,1
BRDA:77,4,0,2
BRDA:77,4,1,2
BRDA:77,4,2,1
BRF:7
BRH:7
end_of_record
TN:
SF:src\componentes\FiveDayClimate\FiveDayClimate.tsx
FN:21,(anonymous_1)
FN:26,(anonymous_2)
FN:28,(anonymous_3)
FN:33,(anonymous_4)
FN:40,(anonymous_5)
FN:85,(anonymous_6)
FN:117,(anonymous_7)
FN:143,(anonymous_8)
FNF:8
FNH:7
FNDA:11,(anonymous_1)
FNDA:6,(anonymous_2)
FNDA:4,(anonymous_3)
FNDA:1,(anonymous_4)
FNDA:4,(anonymous_5)
FNDA:8,(anonymous_6)
FNDA:7,(anonymous_7)
FNDA:0,(anonymous_8)
DA:1,1
DA:2,1
DA:3,1
DA:21,1
DA:22,11
DA:23,11
DA:24,11
DA:26,11
DA:27,6
DA:29,4
DA:30,4
DA:31,4
DA:34,1
DA:35,1
DA:40,11
DA:41,4
DA:42,4
DA:43,4
DA:46,4
DA:47,1
DA:49,3
DA:53,3
DA:54,1
DA:57,2
DA:58,2
DA:61,2
DA:62,2
DA:67,11
DA:68,6
DA:71,5
DA:72,3
DA:85,2
DA:86,8
DA:89,2
DA:113,2
DA:118,7
DA:143,1
DA:144,0
DA:145,0
DA:153,1
DA:161,1
DA:166,1
DA:176,1
DA:181,1
DA:188,1
LF:45
LH:43
BRDA:46,0,0,1
BRDA:53,1,0,1
BRDA:53,2,0,3
BRDA:53,2,1,2
BRDA:67,3,0,6
BRDA:71,4,0,3
BRDA:85,5,0,2
BRDA:85,5,1,0
BRF:8
BRH:7
end_of_record
TN:
SF:src\componentes\Footer\Footer.tsx
FN:1,(anonymous_0)
FNF:1
FNH:1
FNDA:1,(anonymous_0)
DA:1,1
DA:2,1
DA:9,1
LF:3
LH:3
BRF:0
BRH:0
end_of_record
TN:
SF:src\componentes\FormC\FormC.tsx
FN:183,(anonymous_1)
FN:191,(anonymous_2)
FN:202,(anonymous_3)
FN:234,(anonymous_4)
FN:246,(anonymous_5)
FN:364,(anonymous_6)
FN:367,(anonymous_7)
FN:402,(anonymous_8)
FN:404,(anonymous_9)
FN:435,(anonymous_10)
FNF:10
FNH:8
FNDA:12,(anonymous_1)
FNDA:5,(anonymous_2)
FNDA:4,(anonymous_3)
FNDA:6,(anonymous_4)
FNDA:0,(anonymous_5)
FNDA:1,(anonymous_6)
FNDA:60,(anonymous_7)
FNDA:1,(anonymous_8)
FNDA:48,(anonymous_9)
FNDA:0,(anonymous_10)
DA:1,1
DA:2,1
DA:28,1
DA:29,1
DA:30,1
DA:31,1
DA:32,1
DA:35,1
DA:57,1
DA:58,1
DA:61,1
DA:174,1
DA:183,1
DA:184,12
DA:185,12
DA:186,12
DA:187,12
DA:188,12
DA:189,12
DA:191,12
DA:192,5
DA:195,12
DA:202,12
DA:203,4
DA:204,4
DA:205,3
DA:206,3
DA:208,3
DA:209,3
DA:210,3
DA:211,3
DA:217,1
DA:218,1
DA:219,1
DA:220,1
DA:221,1
DA:222,1
DA:223,1
DA:228,1
DA:234,12
DA:236,6
DA:237,2
DA:242,2
DA:246,12
DA:247,0
DA:248,0
DA:249,0
DA:251,0
DA:253,0
DA:263,0
DA:264,0
DA:265,0
DA:267,0
DA:268,0
DA:269,0
DA:270,0
DA:273,0
DA:274,0
DA:277,12
DA:364,1
DA:368,60
DA:402,1
DA:405,48
DA:435,0
DA:548,1
LF:65
LH:50
BRDA:185,0,0,10
BRDA:185,0,1,2
BRDA:185,1,0,2
BRDA:185,1,1,0
BRDA:186,2,0,10
BRDA:186,2,1,2
BRDA:186,3,0,2
BRDA:186,3,1,0
BRDA:187,4,0,10
BRDA:187,4,1,2
BRDA:187,5,0,2
BRDA:187,5,1,0
BRDA:188,6,0,12
BRDA:188,6,1,6
BRDA:192,7,0,5
BRDA:192,7,1,3
BRDA:203,8,0,4
BRDA:204,9,0,3
BRDA:204,9,1,1
BRDA:217,10,0,1
BRDA:218,11,0,1
BRDA:218,11,1,0
BRDA:219,12,0,1
BRDA:219,12,1,0
BRDA:220,13,0,1
BRDA:220,13,1,0
BRDA:221,14,0,1
BRDA:221,14,1,0
BRDA:223,15,0,1
BRDA:223,15,1,0
BRDA:236,16,0,2
BRDA:236,17,0,6
BRDA:236,17,1,3
BRDA:237,18,0,2
BRDA:237,18,1,0
BRDA:251,19,0,0
BRDA:254,20,0,0
BRDA:254,20,1,0
BRDA:254,21,0,0
BRDA:254,21,1,0
BRDA:263,22,0,0
BRDA:263,22,1,0
BRDA:268,23,0,0
BRDA:282,24,0,10
BRDA:282,24,1,2
BRDA:522,25,0,0
BRDA:522,25,1,12
BRDA:536,26,0,12
BRDA:536,26,1,6
BRDA:536,26,2,4
BRDA:538,27,0,10
BRDA:538,27,1,2
BRF:52
BRH:34
end_of_record
TN:
SF:src\componentes\FormL\FormL.tsx
FN:19,(anonymous_0)
FN:30,(anonymous_1)
FN:32,(anonymous_2)
FN:99,(anonymous_3)
FN:116,(anonymous_4)
FNF:5
FNH:4
FNDA:15,(anonymous_0)
FNDA:0,(anonymous_1)
FNDA:6,(anonymous_2)
FNDA:3,(anonymous_3)
FNDA:3,(anonymous_4)
DA:1,1
DA:2,1
DA:3,1
DA:16,1
DA:17,1
DA:19,1
DA:20,15
DA:21,15
DA:22,15
DA:23,15
DA:24,15
DA:25,15
DA:26,15
DA:28,15
DA:30,15
DA:32,15
DA:33,6
DA:34,6
DA:35,6
DA:36,2
DA:39,1
DA:42,1
DA:43,1
DA:45,5
DA:49,15
DA:99,3
DA:116,3
DA:147,1
LF:28
LH:28
BRDA:111,0,0,0
BRDA:111,0,1,15
BRDA:122,1,0,15
BRDA:122,1,1,4
BRF:4
BRH:3
end_of_record
TN:
SF:src\componentes\FormR\FormR.tsx
FN:21,(anonymous_1)
FN:32,(anonymous_2)
FN:34,(anonymous_3)
FN:58,(anonymous_4)
FNF:4
FNH:3
FNDA:14,(anonymous_1)
FNDA:0,(anonymous_2)
FNDA:5,(anonymous_3)
FNDA:1,(anonymous_4)
DA:1,1
DA:2,1
DA:3,1
DA:17,1
DA:18,1
DA:19,1
DA:21,1
DA:22,14
DA:23,14
DA:24,14
DA:25,14
DA:26,14
DA:27,14
DA:28,14
DA:30,14
DA:32,14
DA:34,14
DA:35,5
DA:36,5
DA:37,5
DA:38,5
DA:39,5
DA:40,5
DA:47,5
DA:48,5
DA:54,2
DA:55,2
DA:57,2
DA:58,2
DA:59,1
DA:64,3
DA:65,0
DA:67,3
DA:69,3
DA:71,5
DA:75,14
DA:190,1
LF:37
LH:36
BRDA:57,0,0,2
BRDA:64,1,0,0
BRDA:64,1,1,3
BRDA:87,2,0,14
BRDA:87,2,1,2
BRDA:94,3,0,14
BRDA:94,3,1,4
BRDA:146,4,0,0
BRDA:146,4,1,14
BRDA:155,5,0,0
BRDA:155,5,1,14
BRF:11
BRH:8
end_of_record
TN:
SF:src\componentes\FormU\FormU.tsx
FN:20,(anonymous_1)
FN:32,(anonymous_2)
FN:33,(anonymous_3)
FN:53,(anonymous_4)
FN:59,(anonymous_5)
FN:62,(anonymous_6)
FN:97,(anonymous_7)
FN:153,(anonymous_8)
FN:165,(anonymous_9)
FN:178,(anonymous_10)
FNF:10
FNH:9
FNDA:15,(anonymous_1)
FNDA:14,(anonymous_2)
FNDA:14,(anonymous_3)
FNDA:1,(anonymous_4)
FNDA:16,(anonymous_5)
FNDA:1,(anonymous_6)
FNDA:2,(anonymous_7)
FNDA:1,(anonymous_8)
FNDA:0,(anonymous_9)
FNDA:1,(anonymous_10)
DA:1,1
DA:2,1
DA:14,1
DA:15,1
DA:16,1
DA:17,1
DA:18,1
DA:20,1
DA:21,15
DA:22,15
DA:23,15
DA:24,15
DA:25,15
DA:26,15
DA:28,15
DA:29,15
DA:30,15
DA:32,15
DA:33,14
DA:34,14
DA:35,14
DA:36,10
DA:37,10
DA:38,10
DA:39,10
DA:40,10
DA:41,10
DA:42,10
DA:43,10
DA:44,10
DA:50,14
DA:53,15
DA:54,1
DA:55,1
DA:59,15
DA:60,16
DA:62,15
DA:63,1
DA:65,1
DA:66,1
DA:67,1
DA:68,1
DA:71,1
DA:72,1
DA:73,0
DA:74,0
DA:75,0
DA:78,1
DA:79,1
DA:82,1
DA:89,1
DA:93,0
DA:97,15
DA:98,2
DA:99,2
DA:101,1
DA:103,1
DA:109,15
DA:153,1
DA:165,0
DA:178,1
DA:246,1
LF:62
LH:57
BRDA:35,0,0,10
BRDA:38,1,0,10
BRDA:40,2,0,10
BRDA:40,2,1,0
BRDA:41,3,0,10
BRDA:41,3,1,0
BRDA:42,4,0,10
BRDA:42,4,1,0
BRDA:43,5,0,10
BRDA:43,5,1,10
BRDA:54,6,0,1
BRDA:54,7,0,1
BRDA:54,7,1,1
BRDA:60,8,0,16
BRDA:60,8,1,7
BRDA:63,9,0,0
BRDA:67,10,0,1
BRDA:72,11,0,0
BRDA:78,12,0,1
BRDA:78,12,1,1
BRDA:79,13,0,1
BRDA:79,13,1,1
BRDA:99,14,0,1
BRDA:99,14,1,1
BRDA:121,15,0,15
BRDA:121,15,1,0
BRDA:164,16,0,15
BRDA:164,16,1,11
BRF:28
BRH:22
end_of_record
TN:
SF:src\componentes\HistoricalChartForm\HistoricalChartForm.tsx
FN:22,(anonymous_1)
FN:47,(anonymous_2)
FN:50,(anonymous_3)
FN:63,(anonymous_4)
FN:65,(anonymous_5)
FN:104,(anonymous_6)
FN:123,(anonymous_7)
FNF:7
FNH:7
FNDA:8,(anonymous_1)
FNDA:1,(anonymous_2)
FNDA:16,(anonymous_3)
FNDA:1,(anonymous_4)
FNDA:16,(anonymous_5)
FNDA:1,(anonymous_6)
FNDA:1,(anonymous_7)
DA:1,1
DA:2,1
DA:22,1
DA:39,8
DA:47,1
DA:51,16
DA:63,1
DA:66,16
DA:105,1
DA:106,1
DA:107,1
DA:108,1
DA:109,1
DA:111,0
DA:124,1
DA:125,1
DA:126,1
DA:127,1
DA:128,1
DA:130,0
DA:169,1
LF:21
LH:19
BRDA:107,0,0,1
BRDA:107,0,1,0
BRDA:107,1,0,1
BRDA:107,1,1,1
BRDA:126,2,0,1
BRDA:126,2,1,0
BRDA:126,3,0,1
BRDA:126,3,1,1
BRF:8
BRH:6
end_of_record
TN:
SF:src\componentes\LineChart\LineChart.tsx
FN:33,(anonymous_0)
FN:38,(anonymous_1)
FN:51,(anonymous_2)
FN:52,(anonymous_3)
FN:57,(anonymous_4)
FN:64,(anonymous_5)
FN:85,(anonymous_6)
FN:101,(anonymous_7)
FN:114,(anonymous_8)
FNF:9
FNH:9
FNDA:4,(anonymous_0)
FNDA:2,(anonymous_1)
FNDA:1,(anonymous_2)
FNDA:1,(anonymous_3)
FNDA:1,(anonymous_4)
FNDA:2,(anonymous_5)
FNDA:1,(anonymous_6)
FNDA:1,(anonymous_7)
FNDA:1,(anonymous_8)
DA:1,1
DA:2,1
DA:3,1
DA:4,1
DA:6,1
DA:17,1
DA:33,1
DA:34,4
DA:35,4
DA:36,4
DA:38,4
DA:39,2
DA:40,0
DA:41,0
DA:44,2
DA:45,2
DA:46,2
DA:47,2
DA:49,2
DA:52,1
DA:53,1
DA:54,1
DA:55,1
DA:58,1
DA:59,1
DA:60,1
DA:64,2
DA:67,4
DA:68,2
DA:70,1
DA:74,1
DA:78,1
DA:79,1
DA:81,1
DA:85,1
DA:86,1
DA:88,0
DA:90,1
DA:92,0
DA:94,0
DA:98,1
DA:100,1
DA:102,1
DA:103,1
DA:109,0
DA:115,1
DA:117,0
DA:119,0
DA:121,1
DA:123,0
DA:134,1
DA:162,1
DA:165,1
LF:53
LH:44
BRDA:39,0,0,0
BRDA:39,1,0,2
BRDA:39,1,1,2
BRDA:67,2,0,2
BRDA:68,3,0,1
BRDA:70,4,0,1
BRDA:70,4,1,0
BRDA:74,5,0,1
BRDA:74,5,1,0
BRDA:81,6,0,1
BRDA:81,6,1,0
BRDA:81,7,0,1
BRDA:81,7,1,1
BRDA:81,7,2,1
BRDA:86,8,0,0
BRDA:86,8,1,1
BRDA:86,8,2,0
BRDA:86,8,3,0
BRDA:102,9,0,1
BRDA:102,10,0,1
BRDA:102,10,1,1
BRDA:115,11,0,0
BRDA:115,11,1,0
BRDA:115,11,2,1
BRDA:115,11,3,0
BRDA:117,12,0,0
BRDA:117,12,1,0
BRDA:119,13,0,0
BRDA:119,13,1,0
BRDA:121,14,0,1
BRDA:121,14,1,0
BRF:31
BRH:16
end_of_record
TN:
SF:src\componentes\LoginIllustration\LoginIllustration.styles.ts
FNF:0
FNH:0
DA:3,1
LF:1
LH:1
BRF:0
BRH:0
end_of_record
TN:
SF:src\componentes\LoginIllustration\LoginIllustration.tsx
FN:11,(anonymous_1)
FNF:1
FNH:1
FNDA:2,(anonymous_1)
DA:2,1
DA:3,1
DA:4,1
DA:11,1
DA:12,2
DA:77,1
LF:6
LH:6
BRF:0
BRH:0
end_of_record
TN:
SF:src\componentes\Navbar\Navbar.tsx
FN:38,(anonymous_1)
FN:39,(anonymous_2)
FN:66,(anonymous_3)
FN:75,(anonymous_4)
FN:79,(anonymous_5)
FN:80,(anonymous_6)
FN:95,(anonymous_7)
FN:97,(anonymous_8)
FN:107,(anonymous_9)
FN:108,(anonymous_10)
FN:115,(anonymous_11)
FN:125,(anonymous_12)
FN:126,(anonymous_13)
FN:131,(anonymous_14)
FN:135,(anonymous_15)
FN:144,(anonymous_16)
FNF:16
FNH:15
FNDA:27,(anonymous_1)
FNDA:27,(anonymous_2)
FNDA:10,(anonymous_3)
FNDA:7,(anonymous_4)
FNDA:9,(anonymous_5)
FNDA:9,(anonymous_6)
FNDA:1,(anonymous_7)
FNDA:1,(anonymous_8)
FNDA:1,(anonymous_9)
FNDA:0,(anonymous_10)
FNDA:1,(anonymous_11)
FNDA:6,(anonymous_12)
FNDA:1,(anonymous_13)
FNDA:6,(anonymous_14)
FNDA:9,(anonymous_15)
FNDA:9,(anonymous_16)
DA:1,1
DA:2,1
DA:3,1
DA:4,1
DA:5,1
DA:6,1
DA:7,1
DA:8,1
DA:9,1
DA:10,1
DA:11,1
DA:14,1
DA:22,1
DA:32,1
DA:38,27
DA:39,27
DA:66,1
DA:67,10
DA:68,9
DA:69,9
DA:70,9
DA:72,9
DA:73,9
DA:75,9
DA:76,7
DA:79,9
DA:80,9
DA:81,9
DA:82,9
DA:83,9
DA:84,9
DA:85,9
DA:86,9
DA:92,9
DA:95,9
DA:96,1
DA:98,1
DA:99,1
DA:107,9
DA:108,9
DA:110,9
DA:111,9
DA:112,9
DA:113,9
DA:115,9
DA:116,1
DA:117,1
DA:120,9
DA:122,9
DA:125,9
DA:126,6
DA:127,1
DA:131,6
DA:135,9
DA:136,9
DA:144,9
DA:145,9
DA:148,9
DA:229,1
LF:59
LH:59
BRDA:38,0,0,1
BRDA:38,0,1,26
BRDA:39,1,0,1
BRDA:39,1,1,26
BRDA:82,2,0,9
BRDA:85,3,0,9
BRDA:120,4,0,1
BRDA:120,4,1,8
BRDA:190,5,0,1
BRDA:190,5,1,8
BRDA:197,6,0,1
BRDA:197,6,1,8
BRDA:203,7,0,1
BRDA:203,7,1,8
BRF:14
BRH:14
end_of_record
TN:
SF:src\componentes\Notif\Notif.tsx
FN:8,(anonymous_0)
FN:14,(anonymous_1)
FNF:2
FNH:2
FNDA:3,(anonymous_0)
FNDA:2,(anonymous_1)
DA:5,1
DA:6,1
DA:8,1
DA:9,3
DA:11,3
DA:15,2
DA:66,1
LF:7
LH:7
BRDA:26,0,0,2
BRDA:26,0,1,1
BRDA:26,1,0,2
BRDA:26,1,1,1
BRDA:31,2,0,2
BRDA:31,2,1,1
BRDA:32,3,0,2
BRDA:32,3,1,1
BRDA:36,4,0,2
BRDA:36,4,1,1
BRDA:36,5,0,2
BRDA:36,5,1,1
BRDA:39,6,0,2
BRDA:39,6,1,1
BRDA:43,7,0,1
BRDA:43,7,1,1
BRDA:46,8,0,1
BRDA:46,8,1,1
BRDA:50,9,0,1
BRDA:50,9,1,1
BRDA:52,10,0,2
BRDA:52,10,1,2
BRF:22
BRH:22
end_of_record
TN:
SF:src\componentes\ProtectedRoute\ProtectedRoute.tsx
FN:8,(anonymous_0)
FN:12,(anonymous_1)
FN:13,(anonymous_2)
FN:17,(anonymous_3)
FNF:4
FNH:4
FNDA:5,(anonymous_0)
FNDA:3,(anonymous_1)
FNDA:2,(anonymous_2)
FNDA:3,(anonymous_3)
DA:4,1
DA:5,1
DA:6,1
DA:8,1
DA:9,5
DA:10,5
DA:12,5
DA:13,3
DA:14,2
DA:17,3
DA:20,5
DA:22,3
DA:25,2
DA:26,1
DA:29,1
DA:32,1
LF:16
LH:16
BRDA:20,0,0,3
BRDA:25,1,0,1
BRF:2
BRH:2
end_of_record
