TN:
SF:src\componentes\CurrentWeather\CurrentWeather.tsx
FN:31,(anonymous_1)
FN:36,(anonymous_2)
FN:38,(anonymous_3)
FN:43,(anonymous_4)
FN:50,(anonymous_5)
FNF:5
FNH:5
FNDA:6,(anonymous_1)
FNDA:3,(anonymous_2)
FNDA:2,(anonymous_3)
FNDA:1,(anonymous_4)
FNDA:2,(anonymous_5)
DA:1,1
DA:2,1
DA:3,1
DA:4,1
DA:6,1
DA:15,1
DA:31,1
DA:32,6
DA:33,6
DA:34,6
DA:36,6
DA:37,3
DA:39,2
DA:40,2
DA:41,2
DA:44,1
DA:45,1
DA:50,6
DA:51,2
DA:52,2
DA:55,2
DA:56,1
DA:58,1
DA:59,1
DA:60,1
DA:62,1
DA:63,1
DA:64,1
DA:69,6
DA:70,3
DA:73,3
DA:74,2
DA:77,1
DA:78,0
DA:81,1
DA:82,1
DA:84,1
DA:111,1
LF:38
LH:37
BRDA:55,0,0,1
BRDA:69,1,0,3
BRDA:73,2,0,2
BRDA:77,3,0,0
BRDA:77,4,0,1
BRDA:77,4,1,1
BRDA:77,4,2,1
BRF:7
BRH:6
end_of_record
TN:
SF:src\componentes\FiveDayClimate\FiveDayClimate.tsx
FN:21,(anonymous_1)
FN:26,(anonymous_2)
FN:28,(anonymous_3)
FN:33,(anonymous_4)
FN:40,(anonymous_5)
FN:73,(anonymous_6)
FN:105,(anonymous_7)
FN:131,(anonymous_8)
FNF:8
FNH:5
FNDA:5,(anonymous_1)
FNDA:3,(anonymous_2)
FNDA:1,(anonymous_3)
FNDA:1,(anonymous_4)
FNDA:1,(anonymous_5)
FNDA:0,(anonymous_6)
FNDA:0,(anonymous_7)
FNDA:0,(anonymous_8)
DA:1,1
DA:2,1
DA:3,1
DA:21,1
DA:22,5
DA:23,5
DA:24,5
DA:26,5
DA:27,3
DA:29,1
DA:30,1
DA:31,1
DA:34,1
DA:35,1
DA:40,5
DA:41,1
DA:42,1
DA:43,1
DA:46,1
DA:47,1
DA:49,0
DA:50,0
DA:51,0
DA:53,1
DA:54,1
DA:55,1
DA:60,5
DA:61,3
DA:64,2
DA:65,2
DA:68,0
DA:69,0
DA:73,0
DA:74,0
DA:77,0
DA:101,0
DA:106,0
DA:131,1
DA:132,0
DA:133,0
DA:141,1
DA:149,1
DA:154,1
DA:164,1
DA:169,1
DA:176,1
LF:46
LH:34
BRDA:46,0,0,1
BRDA:60,1,0,3
BRDA:64,2,0,2
BRDA:68,3,0,0
BRF:4
BRH:3
end_of_record
TN:
SF:src\componentes\Footer\Footer.tsx
FN:1,(anonymous_0)
FNF:1
FNH:1
FNDA:1,(anonymous_0)
DA:1,1
DA:2,1
DA:9,1
LF:3
LH:3
BRF:0
BRH:0
end_of_record
TN:
SF:src\componentes\FormC\FormC.tsx
FN:164,(anonymous_1)
FN:176,(anonymous_2)
FN:206,(anonymous_3)
FN:219,(anonymous_4)
FN:311,(anonymous_5)
FN:314,(anonymous_6)
FN:349,(anonymous_7)
FN:351,(anonymous_8)
FN:379,(anonymous_9)
FNF:9
FNH:5
FNDA:4,(anonymous_1)
FNDA:2,(anonymous_2)
FNDA:2,(anonymous_3)
FNDA:0,(anonymous_4)
FNDA:0,(anonymous_5)
FNDA:20,(anonymous_6)
FNDA:0,(anonymous_7)
FNDA:16,(anonymous_8)
FNDA:0,(anonymous_9)
DA:1,1
DA:2,1
DA:27,1
DA:28,1
DA:29,1
DA:30,1
DA:47,1
DA:48,1
DA:51,1
DA:164,1
DA:165,4
DA:166,4
DA:167,4
DA:168,4
DA:170,4
DA:176,4
DA:177,2
DA:178,2
DA:179,1
DA:180,1
DA:181,1
DA:182,1
DA:183,1
DA:189,1
DA:190,1
DA:191,1
DA:192,1
DA:193,1
DA:195,1
DA:200,1
DA:206,4
DA:208,2
DA:209,1
DA:214,1
DA:219,4
DA:220,0
DA:221,0
DA:222,0
DA:224,0
DA:226,0
DA:235,0
DA:236,0
DA:237,0
DA:239,0
DA:240,0
DA:241,0
DA:242,0
DA:245,0
DA:246,0
DA:249,4
DA:311,0
DA:315,20
DA:349,0
DA:352,16
DA:379,0
DA:495,1
LF:56
LH:39
BRDA:166,0,0,2
BRDA:166,0,1,2
BRDA:166,1,0,2
BRDA:166,1,1,0
BRDA:167,2,0,2
BRDA:167,2,1,2
BRDA:167,3,0,2
BRDA:167,3,1,0
BRDA:168,4,0,2
BRDA:168,4,1,2
BRDA:168,5,0,2
BRDA:168,5,1,0
BRDA:177,6,0,2
BRDA:178,7,0,1
BRDA:178,7,1,1
BRDA:189,8,0,1
BRDA:190,9,0,1
BRDA:190,9,1,0
BRDA:191,10,0,1
BRDA:191,10,1,0
BRDA:192,11,0,1
BRDA:192,11,1,0
BRDA:193,12,0,1
BRDA:193,12,1,0
BRDA:195,13,0,1
BRDA:195,13,1,0
BRDA:208,14,0,1
BRDA:208,15,0,2
BRDA:208,15,1,1
BRDA:209,16,0,1
BRDA:209,16,1,0
BRDA:224,17,0,0
BRDA:227,18,0,0
BRDA:227,18,1,0
BRDA:227,19,0,0
BRDA:227,19,1,0
BRDA:235,20,0,0
BRDA:235,20,1,0
BRDA:240,21,0,0
BRDA:254,22,0,2
BRDA:254,22,1,2
BRDA:471,23,0,0
BRDA:471,23,1,4
BRDA:485,24,0,4
BRDA:485,24,1,2
BRDA:485,24,2,2
BRDA:487,25,0,2
BRDA:487,25,1,2
BRF:48
BRH:30
end_of_record
TN:
SF:src\componentes\FormL\FormL.tsx
FN:19,(anonymous_0)
FN:30,(anonymous_1)
FN:32,(anonymous_2)
FN:98,(anonymous_3)
FN:115,(anonymous_4)
FNF:5
FNH:4
FNDA:8,(anonymous_0)
FNDA:0,(anonymous_1)
FNDA:2,(anonymous_2)
FNDA:2,(anonymous_3)
FNDA:2,(anonymous_4)
DA:1,1
DA:2,1
DA:3,1
DA:16,1
DA:17,1
DA:19,1
DA:20,8
DA:21,8
DA:22,8
DA:23,8
DA:24,8
DA:25,8
DA:26,8
DA:28,8
DA:30,8
DA:32,8
DA:33,2
DA:34,2
DA:35,2
DA:36,1
DA:39,0
DA:42,0
DA:44,2
DA:48,8
DA:98,2
DA:115,2
DA:146,1
LF:27
LH:25
BRDA:110,0,0,0
BRDA:110,0,1,8
BRDA:121,1,0,8
BRDA:121,1,1,2
BRF:4
BRH:3
end_of_record
TN:
SF:src\componentes\FormR\FormR.tsx
FN:21,(anonymous_1)
FN:30,(anonymous_2)
FN:32,(anonymous_3)
FN:60,(anonymous_4)
FNF:4
FNH:2
FNDA:4,(anonymous_1)
FNDA:0,(anonymous_2)
FNDA:2,(anonymous_3)
FNDA:0,(anonymous_4)
DA:1,1
DA:2,1
DA:3,1
DA:17,1
DA:18,1
DA:19,1
DA:21,1
DA:22,4
DA:23,4
DA:24,4
DA:25,4
DA:26,4
DA:27,4
DA:28,4
DA:30,4
DA:32,4
DA:33,2
DA:34,2
DA:35,2
DA:36,2
DA:37,2
DA:38,2
DA:40,2
DA:41,0
DA:42,0
DA:45,2
DA:47,2
DA:55,1
DA:57,1
DA:58,1
DA:59,1
DA:60,1
DA:61,0
DA:65,1
DA:66,0
DA:67,0
DA:69,0
DA:72,1
DA:74,1
DA:78,4
DA:210,1
LF:41
LH:35
BRDA:40,0,0,0
BRDA:40,1,0,2
BRDA:40,1,1,2
BRDA:40,1,2,2
BRDA:40,1,3,2
BRDA:57,2,0,1
BRDA:65,3,0,0
BRDA:65,3,1,1
BRDA:66,4,0,0
BRDA:66,4,1,0
BRDA:66,5,0,0
BRDA:66,5,1,0
BRDA:66,5,2,0
BRDA:90,6,0,4
BRDA:90,6,1,1
BRDA:97,7,0,4
BRDA:97,7,1,1
BRDA:166,8,0,0
BRDA:166,8,1,4
BRDA:175,9,0,0
BRDA:175,9,1,4
BRF:21
BRH:12
end_of_record
TN:
SF:src\componentes\FormU\FormU.tsx
FN:20,(anonymous_1)
FN:33,(anonymous_2)
FN:34,(anonymous_3)
FN:57,(anonymous_4)
FN:63,(anonymous_5)
FN:66,(anonymous_6)
FN:102,(anonymous_7)
FN:158,(anonymous_8)
FN:168,(anonymous_9)
FN:179,(anonymous_10)
FNF:10
FNH:9
FNDA:11,(anonymous_1)
FNDA:11,(anonymous_2)
FNDA:11,(anonymous_3)
FNDA:0,(anonymous_4)
FNDA:12,(anonymous_5)
FNDA:1,(anonymous_6)
FNDA:1,(anonymous_7)
FNDA:1,(anonymous_8)
FNDA:1,(anonymous_9)
FNDA:1,(anonymous_10)
DA:1,1
DA:2,1
DA:14,1
DA:15,1
DA:16,1
DA:17,1
DA:18,1
DA:20,1
DA:21,11
DA:22,11
DA:23,11
DA:24,11
DA:25,11
DA:26,11
DA:27,11
DA:29,11
DA:30,11
DA:31,11
DA:33,11
DA:34,11
DA:35,11
DA:36,11
DA:37,11
DA:38,11
DA:39,11
DA:40,11
DA:41,11
DA:42,11
DA:43,11
DA:44,11
DA:45,11
DA:46,11
DA:54,11
DA:57,11
DA:58,0
DA:59,0
DA:63,11
DA:64,12
DA:66,11
DA:67,1
DA:69,1
DA:70,1
DA:71,1
DA:72,1
DA:75,1
DA:76,1
DA:77,0
DA:78,0
DA:79,0
DA:82,1
DA:83,1
DA:86,1
DA:94,1
DA:98,0
DA:102,11
DA:103,1
DA:104,1
DA:106,1
DA:108,0
DA:114,11
DA:158,1
DA:168,1
DA:179,1
DA:246,1
LF:64
LH:57
BRDA:36,0,0,11
BRDA:39,1,0,11
BRDA:41,2,0,11
BRDA:41,2,1,0
BRDA:42,3,0,11
BRDA:42,3,1,0
BRDA:43,4,0,11
BRDA:43,4,1,0
BRDA:44,5,0,11
BRDA:44,5,1,0
BRDA:45,6,0,11
BRDA:45,6,1,11
BRDA:58,7,0,0
BRDA:58,8,0,0
BRDA:58,8,1,0
BRDA:64,9,0,12
BRDA:64,9,1,8
BRDA:64,9,2,7
BRDA:67,10,0,0
BRDA:71,11,0,1
BRDA:76,12,0,0
BRDA:82,13,0,1
BRDA:82,13,1,1
BRDA:83,14,0,1
BRDA:83,14,1,1
BRDA:104,15,0,1
BRDA:104,15,1,0
BRDA:126,16,0,11
BRDA:126,16,1,0
BRF:29
BRH:18
end_of_record
TN:
SF:src\componentes\HistoricalChartForm\HistoricalChartForm.tsx
FN:24,(anonymous_1)
FN:51,(anonymous_2)
FN:54,(anonymous_3)
FN:66,(anonymous_4)
FN:68,(anonymous_5)
FN:103,(anonymous_6)
FN:123,(anonymous_7)
FN:181,(anonymous_8)
FN:185,(anonymous_9)
FNF:9
FNH:6
FNDA:6,(anonymous_1)
FNDA:1,(anonymous_2)
FNDA:12,(anonymous_3)
FNDA:1,(anonymous_4)
FNDA:12,(anonymous_5)
FNDA:1,(anonymous_6)
FNDA:0,(anonymous_7)
FNDA:0,(anonymous_8)
FNDA:0,(anonymous_9)
DA:1,1
DA:2,1
DA:24,1
DA:43,6
DA:51,1
DA:55,12
DA:66,1
DA:69,12
DA:104,1
DA:105,1
DA:106,1
DA:107,1
DA:108,1
DA:110,0
DA:124,0
DA:125,0
DA:126,0
DA:127,0
DA:128,0
DA:130,0
DA:181,0
DA:186,0
DA:204,1
LF:23
LH:14
BRDA:106,0,0,1
BRDA:106,0,1,0
BRDA:106,1,0,1
BRDA:106,1,1,1
BRDA:126,2,0,0
BRDA:126,2,1,0
BRDA:126,3,0,0
BRDA:126,3,1,0
BRF:8
BRH:3
end_of_record
TN:
SF:src\componentes\LineChart\LineChart.tsx
FN:268,(anonymous_0)
FN:273,(anonymous_1)
FN:286,(anonymous_2)
FN:287,(anonymous_3)
FN:292,(anonymous_4)
FN:299,(anonymous_5)
FN:320,(anonymous_6)
FN:336,(anonymous_7)
FN:349,(anonymous_8)
FNF:9
FNH:9
FNDA:4,(anonymous_0)
FNDA:2,(anonymous_1)
FNDA:1,(anonymous_2)
FNDA:1,(anonymous_3)
FNDA:1,(anonymous_4)
FNDA:2,(anonymous_5)
FNDA:1,(anonymous_6)
FNDA:1,(anonymous_7)
FNDA:1,(anonymous_8)
DA:236,1
DA:237,1
DA:238,1
DA:239,1
DA:241,1
DA:252,1
DA:268,1
DA:269,4
DA:270,4
DA:271,4
DA:273,4
DA:274,2
DA:275,0
DA:276,0
DA:279,2
DA:280,2
DA:281,2
DA:282,2
DA:284,2
DA:287,1
DA:288,1
DA:289,1
DA:290,1
DA:293,1
DA:294,1
DA:295,1
DA:299,2
DA:302,4
DA:303,2
DA:305,1
DA:309,1
DA:313,1
DA:314,1
DA:316,1
DA:320,1
DA:321,1
DA:323,0
DA:325,1
DA:327,0
DA:329,0
DA:333,1
DA:335,1
DA:337,1
DA:338,1
DA:344,0
DA:350,1
DA:352,0
DA:354,0
DA:356,1
DA:358,0
DA:369,1
DA:397,1
DA:400,1
LF:53
LH:44
BRDA:274,0,0,0
BRDA:274,1,0,2
BRDA:274,1,1,2
BRDA:302,2,0,2
BRDA:303,3,0,1
BRDA:305,4,0,1
BRDA:305,4,1,0
BRDA:309,5,0,1
BRDA:309,5,1,0
BRDA:316,6,0,1
BRDA:316,6,1,0
BRDA:316,7,0,1
BRDA:316,7,1,1
BRDA:316,7,2,1
BRDA:321,8,0,0
BRDA:321,8,1,1
BRDA:321,8,2,0
BRDA:321,8,3,0
BRDA:337,9,0,1
BRDA:337,10,0,1
BRDA:337,10,1,1
BRDA:350,11,0,0
BRDA:350,11,1,0
BRDA:350,11,2,1
BRDA:350,11,3,0
BRDA:352,12,0,0
BRDA:352,12,1,0
BRDA:354,13,0,0
BRDA:354,13,1,0
BRDA:356,14,0,1
BRDA:356,14,1,0
BRF:31
BRH:16
end_of_record
TN:
SF:src\componentes\LoginIllustration\LoginIllustration.styles.ts
FNF:0
FNH:0
DA:3,1
LF:1
LH:1
BRF:0
BRH:0
end_of_record
TN:
SF:src\componentes\LoginIllustration\LoginIllustration.tsx
FN:11,(anonymous_1)
FNF:1
FNH:1
FNDA:2,(anonymous_1)
DA:2,1
DA:3,1
DA:4,1
DA:11,1
DA:12,2
DA:59,1
LF:6
LH:6
BRF:0
BRH:0
end_of_record
TN:
SF:src\componentes\Navbar\Navbar.tsx
FN:38,(anonymous_1)
FN:39,(anonymous_2)
FN:67,(anonymous_3)
FN:76,(anonymous_4)
FN:80,(anonymous_5)
FN:81,(anonymous_6)
FN:96,(anonymous_7)
FN:98,(anonymous_8)
FN:102,(anonymous_9)
FN:108,(anonymous_10)
FN:109,(anonymous_11)
FN:116,(anonymous_12)
FN:128,(anonymous_13)
FN:129,(anonymous_14)
FN:134,(anonymous_15)
FN:138,(anonymous_16)
FN:147,(anonymous_17)
FNF:17
FNH:14
FNDA:24,(anonymous_1)
FNDA:24,(anonymous_2)
FNDA:9,(anonymous_3)
FNDA:5,(anonymous_4)
FNDA:8,(anonymous_5)
FNDA:8,(anonymous_6)
FNDA:1,(anonymous_7)
FNDA:1,(anonymous_8)
FNDA:0,(anonymous_9)
FNDA:1,(anonymous_10)
FNDA:0,(anonymous_11)
FNDA:3,(anonymous_12)
FNDA:5,(anonymous_13)
FNDA:0,(anonymous_14)
FNDA:5,(anonymous_15)
FNDA:8,(anonymous_16)
FNDA:8,(anonymous_17)
DA:1,1
DA:2,1
DA:3,1
DA:4,1
DA:5,1
DA:6,1
DA:7,1
DA:8,1
DA:9,1
DA:10,1
DA:11,1
DA:14,1
DA:22,1
DA:32,1
DA:38,24
DA:39,24
DA:67,1
DA:68,9
DA:69,8
DA:70,8
DA:71,8
DA:73,8
DA:74,8
DA:76,8
DA:77,5
DA:80,8
DA:81,8
DA:82,8
DA:83,8
DA:84,8
DA:85,8
DA:86,8
DA:87,8
DA:93,8
DA:96,8
DA:97,1
DA:99,1
DA:100,1
DA:103,0
DA:104,0
DA:108,8
DA:109,8
DA:111,8
DA:112,8
DA:113,8
DA:114,8
DA:116,8
DA:117,3
DA:118,3
DA:119,3
DA:122,8
DA:125,8
DA:128,8
DA:129,5
DA:130,0
DA:134,5
DA:138,8
DA:139,8
DA:147,8
DA:148,8
DA:151,8
DA:230,1
LF:62
LH:59
BRDA:38,0,0,0
BRDA:38,0,1,24
BRDA:39,1,0,0
BRDA:39,1,1,24
BRDA:83,2,0,8
BRDA:86,3,0,8
BRDA:122,4,0,3
BRDA:122,4,1,5
BRDA:191,5,0,3
BRDA:191,5,1,5
BRDA:198,6,0,3
BRDA:198,6,1,5
BRDA:204,7,0,3
BRDA:204,7,1,5
BRF:14
BRH:12
end_of_record
TN:
SF:src\componentes\Notif\Notif.tsx
FN:8,(anonymous_0)
FN:14,(anonymous_1)
FNF:2
FNH:2
FNDA:2,(anonymous_0)
FNDA:1,(anonymous_1)
DA:5,1
DA:6,1
DA:8,1
DA:9,2
DA:11,2
DA:15,1
DA:65,1
LF:7
LH:7
BRDA:22,0,0,1
BRDA:22,0,1,0
BRDA:22,1,0,0
BRDA:22,1,1,0
BRDA:26,2,0,1
BRDA:26,2,1,0
BRDA:26,3,0,1
BRDA:26,3,1,0
BRDA:30,4,0,1
BRDA:30,4,1,0
BRDA:31,5,0,1
BRDA:31,5,1,0
BRDA:35,6,0,1
BRDA:35,6,1,0
BRDA:35,7,0,1
BRDA:35,7,1,0
BRDA:38,8,0,1
BRDA:38,8,1,0
BRDA:42,9,0,1
BRDA:42,9,1,0
BRDA:45,10,0,1
BRDA:45,10,1,0
BRDA:49,11,0,1
BRDA:49,11,1,0
BRDA:51,12,0,1
BRDA:51,12,1,1
BRF:26
BRH:13
end_of_record
TN:
SF:src\componentes\ProtectedRoute\ProtectedRoute.tsx
FN:8,(anonymous_0)
FN:12,(anonymous_1)
FN:13,(anonymous_2)
FN:17,(anonymous_3)
FNF:4
FNH:4
FNDA:5,(anonymous_0)
FNDA:3,(anonymous_1)
FNDA:2,(anonymous_2)
FNDA:3,(anonymous_3)
DA:4,1
DA:5,1
DA:6,1
DA:8,1
DA:9,5
DA:10,5
DA:12,5
DA:13,3
DA:14,2
DA:17,3
DA:20,5
DA:22,3
DA:25,2
DA:26,1
DA:29,1
DA:32,1
LF:16
LH:16
BRDA:20,0,0,3
BRDA:25,1,0,1
BRF:2
BRH:2
end_of_record
